2026-01-17 16:04:21.358 [info] Reading sessions from keychain...
2026-01-17 16:04:21.358 [info] Got stored sessions!
2026-01-17 16:04:21.358 [info] Got 1 verified sessions.
2026-01-17 16:04:21.358 [info] Getting sessions for all scopes...
2026-01-17 16:04:21.358 [info] Got 1 sessions for ...
2026-01-17 16:04:21.358 [info] Getting sessions for all scopes...
2026-01-17 16:04:21.358 [info] Got 1 sessions for ...
2026-01-17 16:04:21.358 [info] Getting sessions for all scopes...
2026-01-17 16:04:21.358 [info] Got 1 sessions for ...
2026-01-17 16:04:21.358 [info] Getting sessions for all scopes...
2026-01-17 16:04:21.358 [info] Got 1 sessions for ...
2026-01-17 16:04:21.358 [info] Getting sessions for all scopes...
2026-01-17 16:04:21.358 [info] Got 1 sessions for ...
2026-01-17 16:04:21.358 [info] Getting sessions for user:email...
2026-01-17 16:04:21.358 [info] Got 1 sessions for user:email...
2026-01-17 16:04:21.358 [info] Getting sessions for all scopes...
2026-01-17 16:04:21.358 [info] Got 1 sessions for ...
2026-01-17 16:04:21.358 [info] Getting sessions for all scopes...
2026-01-17 16:04:21.358 [info] Got 1 sessions for ...
2026-01-17 16:04:21.358 [info] Getting sessions for all scopes...
2026-01-17 16:04:21.358 [info] Got 1 sessions for ...
2026-01-17 16:04:21.358 [info] Getting sessions for all scopes...
2026-01-17 16:04:21.358 [info] Got 1 sessions for ...
2026-01-17 16:04:21.358 [info] Getting sessions for all scopes...
2026-01-17 16:04:21.358 [info] Got 1 sessions for ...
2026-01-17 16:04:21.358 [info] Getting sessions for all scopes...
2026-01-17 16:04:21.358 [info] Got 1 sessions for ...
2026-01-17 16:04:21.358 [info] Getting sessions for all scopes...
2026-01-17 16:04:21.358 [info] Got 1 sessions for ...
2026-01-17 16:04:21.358 [info] Getting sessions for all scopes...
2026-01-17 16:04:21.358 [info] Got 1 sessions for ...
2026-01-17 16:04:21.358 [info] Getting sessions for all scopes...
2026-01-17 16:04:21.358 [info] Got 1 sessions for ...
2026-01-17 16:04:21.358 [info] Getting sessions for all scopes...
2026-01-17 16:04:21.358 [info] Got 1 sessions for ...
2026-01-17 16:04:21.358 [info] Getting sessions for all scopes...
2026-01-17 16:04:21.358 [info] Got 1 sessions for ...
2026-01-17 16:04:21.358 [info] Getting sessions for all scopes...
2026-01-17 16:04:21.358 [info] Got 1 sessions for ...
2026-01-17 16:04:21.358 [info] Getting sessions for all scopes...
2026-01-17 16:04:21.358 [info] Got 1 sessions for ...
2026-01-17 16:04:21.358 [info] Getting sessions for all scopes...
2026-01-17 16:04:21.358 [info] Got 1 sessions for ...
2026-01-17 16:04:21.366 [info] Getting sessions for read:user,repo,user:email,workflow...
2026-01-17 16:04:21.366 [info] Got 0 sessions for read:user,repo,user:email,workflow...
2026-01-17 16:04:21.410 [info] Getting sessions for user:email...
2026-01-17 16:04:21.411 [info] Got 1 sessions for user:email...
2026-01-17 16:04:21.411 [info] Getting sessions for read:user,repo,user:email,workflow...
2026-01-17 16:04:21.411 [info] Got 0 sessions for read:user,repo,user:email,workflow...
2026-01-17 16:04:21.451 [info] Getting sessions for user:email...
2026-01-17 16:04:21.451 [info] Got 1 sessions for user:email...
2026-01-17 16:04:22.981 [info] Getting sessions for all scopes...
2026-01-17 16:04:22.981 [info] Got 1 sessions for ...
2026-01-17 16:04:22.981 [info] Getting sessions for all scopes...
2026-01-17 16:04:22.981 [info] Got 1 sessions for ...
2026-01-17 16:04:22.982 [info] Getting sessions for all scopes...
2026-01-17 16:04:22.982 [info] Got 1 sessions for ...
2026-01-17 16:04:22.991 [info] Getting sessions for read:user,repo,user:email...
2026-01-17 16:04:22.991 [info] Got 0 sessions for read:user,repo,user:email...
2026-01-17 16:04:23.116 [info] Getting sessions for read:user,repo,user:email,workflow...
2026-01-17 16:04:23.116 [info] Got 0 sessions for read:user,repo,user:email,workflow...
2026-01-17 16:04:23.126 [info] Getting sessions for user:email...
2026-01-17 16:04:23.126 [info] Got 1 sessions for user:email...
2026-01-17 16:04:23.126 [info] Getting sessions for read:user,repo,user:email,workflow...
2026-01-17 16:04:23.126 [info] Got 0 sessions for read:user,repo,user:email,workflow...
2026-01-17 16:04:23.699 [info] Getting sessions for all scopes...
2026-01-17 16:04:23.699 [info] Got 1 sessions for ...
2026-01-17 16:04:23.699 [info] Getting sessions for all scopes...
2026-01-17 16:04:23.699 [info] Got 1 sessions for ...
2026-01-17 16:04:23.706 [info] Getting sessions for read:user,repo,user:email,workflow...
2026-01-17 16:04:23.706 [info] Got 0 sessions for read:user,repo,user:email,workflow...
2026-01-17 16:04:23.707 [info] Getting sessions for user:email...
2026-01-17 16:04:23.707 [info] Got 1 sessions for user:email...
2026-01-17 16:04:23.707 [info] Getting sessions for read:user,repo,user:email,workflow...
2026-01-17 16:04:23.707 [info] Got 0 sessions for read:user,repo,user:email,workflow...
2026-01-17 16:04:23.783 [info] Getting sessions for all scopes...
2026-01-17 16:04:23.783 [info] Got 1 sessions for ...
2026-01-17 16:04:23.791 [info] Getting sessions for all scopes...
2026-01-17 16:04:23.791 [info] Got 1 sessions for ...
2026-01-17 16:04:23.798 [info] Getting sessions for all scopes...
2026-01-17 16:04:23.798 [info] Got 1 sessions for ...
2026-01-17 16:04:23.798 [info] Getting sessions for all scopes...
2026-01-17 16:04:23.798 [info] Got 1 sessions for ...
2026-01-17 16:04:23.803 [info] Getting sessions for read:user,repo,user:email,workflow...
2026-01-17 16:04:23.803 [info] Got 0 sessions for read:user,repo,user:email,workflow...
2026-01-17 16:04:23.804 [info] Getting sessions for user:email...
2026-01-17 16:04:23.804 [info] Got 1 sessions for user:email...
2026-01-17 16:04:23.804 [info] Getting sessions for read:user,repo,user:email,workflow...
2026-01-17 16:04:23.804 [info] Got 0 sessions for read:user,repo,user:email,workflow...
2026-01-17 16:04:23.806 [info] Getting sessions for all scopes...
2026-01-17 16:04:23.806 [info] Got 1 sessions for ...
2026-01-17 16:04:23.807 [info] Getting sessions for read:user,repo,user:email,workflow...
2026-01-17 16:04:23.807 [info] Got 0 sessions for read:user,repo,user:email,workflow...
2026-01-17 16:04:23.807 [info] Getting sessions for user:email...
2026-01-17 16:04:23.807 [info] Got 1 sessions for user:email...
2026-01-17 16:04:25.153 [info] FetcherService: Electron fetch failed with status: 429 
2026-01-17 16:04:25.155 [info] Unable to resolve optional EDU details. Status: 429 
