2026-01-28 13:34:58.649 [info] [aebc6443-996d-45c2-90f0-388ff96faa56] Native Broker enabled: false
2026-01-28 13:34:58.682 [info] [getSessions] [all] starting
2026-01-28 13:34:58.682 [info] [getSessions] [all] returned 0 session(s)
2026-01-28 13:34:58.682 [info] [getSessions] [all] starting
2026-01-28 13:34:58.682 [info] [getSessions] [all] returned 0 session(s)
2026-01-28 13:34:58.682 [info] [getSessions] [all] starting
2026-01-28 13:34:58.682 [info] [getSessions] [all] returned 0 session(s)
2026-01-28 13:34:58.683 [info] [getSessions] [499b84ac-1321-427f-aa17-267ca6975798/.default offline_access] starting
2026-01-28 13:34:58.683 [info] [aebc6443-996d-45c2-90f0-388ff96faa56] Native Broker enabled: false
2026-01-28 13:34:58.686 [info] [getSessions] [499b84ac-1321-427f-aa17-267ca6975798/.default offline_access] returned 0 session(s)
2026-01-28 13:35:00.510 [info] [getSessions] [499b84ac-1321-427f-aa17-267ca6975798/.default offline_access] starting
2026-01-28 13:35:00.510 [info] [getSessions] [499b84ac-1321-427f-aa17-267ca6975798/.default offline_access] returned 0 session(s)
2026-01-28 13:35:23.659 [info] Microsoft Authentication is deactivating...
2026-01-28 13:35:31.782 [info] [aebc6443-996d-45c2-90f0-388ff96faa56] Native Broker enabled: false
2026-01-28 13:35:31.787 [info] [getSessions] [all] starting
2026-01-28 13:35:31.787 [info] [getSessions] [all] returned 0 session(s)
2026-01-28 13:35:31.787 [info] [getSessions] [all] starting
2026-01-28 13:35:31.787 [info] [getSessions] [all] returned 0 session(s)
2026-01-28 13:35:31.787 [info] [getSessions] [all] starting
2026-01-28 13:35:31.787 [info] [getSessions] [all] returned 0 session(s)
2026-01-28 13:35:31.788 [info] [getSessions] [499b84ac-1321-427f-aa17-267ca6975798/.default offline_access] starting
2026-01-28 13:35:31.788 [info] [aebc6443-996d-45c2-90f0-388ff96faa56] Native Broker enabled: false
2026-01-28 13:35:31.790 [info] [getSessions] [499b84ac-1321-427f-aa17-267ca6975798/.default offline_access] returned 0 session(s)
2026-01-28 13:35:32.474 [info] [getSessions] [499b84ac-1321-427f-aa17-267ca6975798/.default offline_access] starting
2026-01-28 13:35:32.474 [info] [getSessions] [499b84ac-1321-427f-aa17-267ca6975798/.default offline_access] returned 0 session(s)
