2026-01-17 16:09:09.003 [info] [aebc6443-996d-45c2-90f0-388ff96faa56] Native Broker enabled: false
2026-01-17 16:09:09.003 [info] [getSessions] [all] starting
2026-01-17 16:09:09.003 [info] [getSessions] [all] returned 0 session(s)
2026-01-17 16:09:09.003 [info] [getSessions] [all] starting
2026-01-17 16:09:09.003 [info] [getSessions] [all] returned 0 session(s)
2026-01-17 16:09:09.003 [info] [getSessions] [all] starting
2026-01-17 16:09:09.003 [info] [getSessions] [all] returned 0 session(s)
2026-01-17 16:09:09.003 [info] [getSessions] [499b84ac-1321-427f-aa17-267ca6975798/.default offline_access] starting
2026-01-17 16:09:09.003 [info] [aebc6443-996d-45c2-90f0-388ff96faa56] Native Broker enabled: false
2026-01-17 16:09:09.003 [info] [getSessions] [499b84ac-1321-427f-aa17-267ca6975798/.default offline_access] returned 0 session(s)
2026-01-17 16:09:10.283 [info] [getSessions] [all] starting
2026-01-17 16:09:10.283 [info] [getSessions] [all] returned 0 session(s)
2026-01-17 16:09:10.448 [info] [getSessions] [499b84ac-1321-427f-aa17-267ca6975798/.default offline_access] starting
2026-01-17 16:09:10.448 [info] [getSessions] [499b84ac-1321-427f-aa17-267ca6975798/.default offline_access] returned 0 session(s)
2026-01-17 16:09:19.353 [info] Microsoft Authentication is deactivating...
2026-01-17 16:09:24.013 [info] [aebc6443-996d-45c2-90f0-388ff96faa56] Native Broker enabled: false
2026-01-17 16:09:24.275 [info] [getSessions] [all] starting
2026-01-17 16:09:24.275 [info] [getSessions] [all] returned 0 session(s)
2026-01-17 16:09:24.275 [info] [getSessions] [all] starting
2026-01-17 16:09:24.275 [info] [getSessions] [all] returned 0 session(s)
2026-01-17 16:09:24.275 [info] [getSessions] [all] starting
2026-01-17 16:09:24.275 [info] [getSessions] [all] returned 0 session(s)
2026-01-17 16:09:24.301 [info] [getSessions] [499b84ac-1321-427f-aa17-267ca6975798/.default offline_access] starting
2026-01-17 16:09:24.301 [info] [aebc6443-996d-45c2-90f0-388ff96faa56] Native Broker enabled: false
2026-01-17 16:09:24.381 [info] [getSessions] [499b84ac-1321-427f-aa17-267ca6975798/.default offline_access] returned 0 session(s)
2026-01-17 16:09:24.937 [info] [getSessions] [499b84ac-1321-427f-aa17-267ca6975798/.default offline_access] starting
2026-01-17 16:09:24.937 [info] [getSessions] [499b84ac-1321-427f-aa17-267ca6975798/.default offline_access] returned 0 session(s)
