2026-01-28 13:34:58.647 [info] [main] Log level: Info
2026-01-28 13:34:58.647 [info] [main] Validating found git in: "git"
2026-01-28 13:34:58.647 [info] [main] Using git "2.52.0" from "git"
2026-01-28 13:34:58.647 [info] [Model][doInitialScan] Initial repository scan started
2026-01-28 13:34:58.647 [info] > git rev-parse --show-toplevel [6ms]
2026-01-28 13:34:58.647 [info] fatal: not a git repository (or any of the parent directories): .git
2026-01-28 13:34:58.647 [info] > git rev-parse --show-toplevel [2ms]
2026-01-28 13:34:58.647 [info] fatal: not a git repository (or any of the parent directories): .git
2026-01-28 13:34:58.647 [info] [Model][doInitialScan] Initial repository scan completed - repositories (0), closed repositories (0), parent repositories (0), unsafe repositories (0)
2026-01-28 13:35:00.508 [info] > git rev-parse --show-toplevel [118ms]
2026-01-28 13:35:00.508 [info] fatal: not a git repository (or any of the parent directories): .git
2026-01-28 13:35:12.507 [info] > git rev-parse --show-toplevel [14ms]
2026-01-28 13:35:12.507 [info] fatal: not a git repository (or any of the parent directories): .git
2026-01-28 13:35:31.778 [info] [main] Log level: Info
2026-01-28 13:35:31.778 [info] [main] Validating found git in: "git"
2026-01-28 13:35:31.778 [info] [main] Using git "2.52.0" from "git"
2026-01-28 13:35:31.778 [info] [Model][doInitialScan] Initial repository scan started
2026-01-28 13:35:31.778 [info] > git rev-parse --show-toplevel [22ms]
2026-01-28 13:35:31.778 [info] fatal: not a git repository (or any of the parent directories): .git
2026-01-28 13:35:31.778 [info] [Model][doInitialScan] Initial repository scan completed - repositories (0), closed repositories (0), parent repositories (0), unsafe repositories (0)
2026-01-28 13:35:32.428 [info] > git rev-parse --show-toplevel [264ms]
2026-01-28 13:35:32.428 [info] fatal: not a git repository (or any of the parent directories): .git
