2026-01-17 16:04:39.055 [info] [main] Log level: Info
2026-01-17 16:04:39.055 [info] [main] Validating found git in: "git"
2026-01-17 16:04:39.055 [info] [main] Using git "2.52.0" from "git"
2026-01-17 16:04:39.055 [info] [Model][doInitialScan] Initial repository scan started
2026-01-17 16:04:39.055 [info] [Model][doInitialScan] Initial repository scan completed - repositories (0), closed repositories (0), parent repositories (0), unsafe repositories (0)
2026-01-17 16:05:12.532 [info] [main] Log level: Info
2026-01-17 16:05:12.532 [info] [main] Validating found git in: "git"
2026-01-17 16:05:12.532 [info] [main] Using git "2.52.0" from "git"
2026-01-17 16:05:12.532 [info] [Model][doInitialScan] Initial repository scan started
2026-01-17 16:05:12.532 [info] > git rev-parse --show-toplevel [1ms]
2026-01-17 16:05:12.532 [info] fatal: not a git repository (or any of the parent directories): .git
2026-01-17 16:05:12.539 [info] > git rev-parse --show-toplevel [0ms]
2026-01-17 16:05:12.539 [info] fatal: not a git repository (or any of the parent directories): .git
2026-01-17 16:05:12.546 [info] > git rev-parse --show-toplevel [2ms]
2026-01-17 16:05:12.546 [info] fatal: not a git repository (or any of the parent directories): .git
2026-01-17 16:05:12.556 [info] > git rev-parse --show-toplevel [3ms]
2026-01-17 16:05:12.556 [info] fatal: not a git repository (or any of the parent directories): .git
2026-01-17 16:05:12.564 [info] > git rev-parse --show-toplevel [3ms]
2026-01-17 16:05:12.564 [info] fatal: not a git repository (or any of the parent directories): .git
2026-01-17 16:05:12.573 [info] > git rev-parse --show-toplevel [2ms]
2026-01-17 16:05:12.573 [info] fatal: not a git repository (or any of the parent directories): .git
2026-01-17 16:05:12.575 [info] [Model][doInitialScan] Initial repository scan completed - repositories (0), closed repositories (0), parent repositories (0), unsafe repositories (0)
2026-01-17 16:05:14.446 [info] > git rev-parse --show-toplevel [398ms]
2026-01-17 16:05:14.446 [info] fatal: not a git repository (or any of the parent directories): .git
2026-01-17 16:05:16.562 [info] > git rev-parse --show-toplevel [5ms]
2026-01-17 16:05:16.562 [info] fatal: not a git repository (or any of the parent directories): .git
2026-01-17 16:05:47.428 [info] > git rev-parse --show-toplevel [4ms]
2026-01-17 16:05:47.428 [info] fatal: not a git repository (or any of the parent directories): .git
2026-01-17 16:06:01.754 [info] > git rev-parse --show-toplevel [7ms]
2026-01-17 16:06:01.754 [info] fatal: not a git repository (or any of the parent directories): .git
2026-01-17 16:06:11.275 [info] > git rev-parse --show-toplevel [5ms]
2026-01-17 16:06:11.275 [info] fatal: not a git repository (or any of the parent directories): .git
2026-01-17 16:06:21.758 [info] > git rev-parse --show-toplevel [6ms]
2026-01-17 16:06:21.758 [info] fatal: not a git repository (or any of the parent directories): .git
2026-01-17 16:09:19.413 [info] > git rev-parse --show-toplevel [9ms]
2026-01-17 16:09:19.414 [info] fatal: not a git repository (or any of the parent directories): .git
2026-01-17 16:09:58.136 [info] > git rev-parse --show-toplevel [4ms]
2026-01-17 16:09:58.136 [info] fatal: not a git repository (or any of the parent directories): .git
2026-01-17 16:10:08.686 [info] > git rev-parse --show-toplevel [4ms]
2026-01-17 16:10:08.686 [info] fatal: not a git repository (or any of the parent directories): .git
2026-01-17 16:10:18.251 [info] > git rev-parse --show-toplevel [5ms]
2026-01-17 16:10:18.251 [info] fatal: not a git repository (or any of the parent directories): .git
2026-01-17 16:10:27.908 [info] > git rev-parse --show-toplevel [4ms]
2026-01-17 16:10:27.908 [info] fatal: not a git repository (or any of the parent directories): .git
