2026-01-17 21:26:54.783 [info] Latency measurements for local backend
window<->ptyhost (message port): 0.90ms
window<->ptyhostservice<->ptyhost: 1.70ms
ptyhostservice<->ptyhost: 0.72ms []
2026-01-17 21:27:11.960 [info] RunInTerminalTool: Command rewritten by J0t: Prepended with a space to exclude from shell history []
2026-01-17 21:27:12.030 [info] RunInTerminalTool#CommandLineFileWriteAnalyzer: File writes detected [[]]
2026-01-17 21:27:12.030 [info] RunInTerminalTool#CommandLineAutoApproveAnalyzer: Parsed sub-commands via bash grammar [["zsh ~/.config/fastfetch/fastfetch.sh"]]
2026-01-17 21:27:12.031 [info] RunInTerminalTool#CommandLineAutoApproveAnalyzer: All sub-commands NOT auto-approved [null]
2026-01-17 21:27:12.031 [info] RunInTerminalTool#CommandLineAutoApproveAnalyzer: Command line NOT auto-approved [null]
2026-01-17 21:27:12.031 [info] RunInTerminalTool#CommandLineAutoApproveAnalyzer: - Command 'zsh ~/.config/fastfetch/fastfetch.sh' has no matching auto approve entries [null]
2026-01-17 21:27:12.032 [info] RunInTerminalTool#CommandLineAutoApproveAnalyzer: - Command line 'zsh ~/.config/fastfetch/fastfetch.sh' has no matching auto approve entries [null]
2026-01-17 21:27:16.257 [info] ToolTerminalCreator#createTerminal: Waiting 4999ms for shell integration []
2026-01-17 21:27:16.317 [info] ToolTerminalCreator#_waitForShellIntegration: Rich SI available eventually []
2026-01-17 21:27:16.318 [info] ToolTerminalCreator#_waitForShellIntegration: Promise complete, disposing store []
2026-01-17 21:27:16.318 [info] ToolTerminalCreator#createTerminal: Waiting up to 2s for PromptInputModel state to change []
2026-01-17 21:28:24.998 [info] RunInTerminalTool: Command rewritten by J0t: Prepended with a space to exclude from shell history []
2026-01-17 21:28:25.010 [info] RunInTerminalTool#CommandLineFileWriteAnalyzer: File writes detected [[]]
2026-01-17 21:28:25.010 [info] RunInTerminalTool#CommandLineAutoApproveAnalyzer: Parsed sub-commands via bash grammar [["bash ~/.config/fastfetch/fastfetch.sh"]]
2026-01-17 21:28:25.011 [info] RunInTerminalTool#CommandLineAutoApproveAnalyzer: All sub-commands NOT auto-approved [null]
2026-01-17 21:28:25.011 [info] RunInTerminalTool#CommandLineAutoApproveAnalyzer: Command line NOT auto-approved [null]
2026-01-17 21:28:25.011 [info] RunInTerminalTool#CommandLineAutoApproveAnalyzer: - Command 'bash ~/.config/fastfetch/fastfetch.sh' has no matching auto approve entries [null]
2026-01-17 21:28:25.011 [info] RunInTerminalTool#CommandLineAutoApproveAnalyzer: - Command line 'bash ~/.config/fastfetch/fastfetch.sh' has no matching auto approve entries [null]
2026-01-17 21:29:12.400 [info] RunInTerminalTool: Command rewritten by J0t: Prepended with a space to exclude from shell history []
2026-01-17 21:29:12.412 [info] RunInTerminalTool#CommandLineFileWriteAnalyzer: File writes detected [[]]
2026-01-17 21:29:12.413 [info] RunInTerminalTool#CommandLineAutoApproveAnalyzer: Parsed sub-commands via bash grammar [["bash ~/.config/fastfetch/fastfetch.sh"]]
2026-01-17 21:29:12.413 [info] RunInTerminalTool#CommandLineAutoApproveAnalyzer: All sub-commands NOT auto-approved [null]
2026-01-17 21:29:12.413 [info] RunInTerminalTool#CommandLineAutoApproveAnalyzer: Command line NOT auto-approved [null]
2026-01-17 21:29:12.413 [info] RunInTerminalTool#CommandLineAutoApproveAnalyzer: - Command 'bash ~/.config/fastfetch/fastfetch.sh' has no matching auto approve entries [null]
2026-01-17 21:29:12.413 [info] RunInTerminalTool#CommandLineAutoApproveAnalyzer: - Command line 'bash ~/.config/fastfetch/fastfetch.sh' has no matching auto approve entries [null]
2026-01-17 21:32:00.952 [info] RunInTerminalTool: Command rewritten by J0t: Prepended with a space to exclude from shell history []
2026-01-17 21:32:00.965 [info] RunInTerminalTool#CommandLineFileWriteAnalyzer: File writes detected [[]]
2026-01-17 21:32:00.965 [info] RunInTerminalTool#CommandLineAutoApproveAnalyzer: Parsed sub-commands via bash grammar [["file /home/phitter/.config/fastfetch/logo/*.icon"]]
2026-01-17 21:32:00.965 [info] RunInTerminalTool#CommandLineAutoApproveAnalyzer: All sub-commands auto-approved [null]
2026-01-17 21:32:00.965 [info] RunInTerminalTool#CommandLineAutoApproveAnalyzer: - Command 'file /home/phitter/.config/fastfetch/logo/*.icon' is approved by allow list rule: file [null]
2026-01-17 21:32:00.965 [info] RunInTerminalTool#CommandLineAutoApproveAnalyzer: - Command line 'file /home/phitter/.config/fastfetch/logo/*.icon' has no matching auto approve entries [null]
2026-01-17 21:32:37.441 [info] RunInTerminalTool: Command rewritten by J0t: Prepended with a space to exclude from shell history []
2026-01-17 21:32:37.454 [info] RunInTerminalTool#CommandLineFileWriteAnalyzer: File writes detected [[]]
2026-01-17 21:32:37.454 [info] RunInTerminalTool#CommandLineAutoApproveAnalyzer: Parsed sub-commands via bash grammar [["fastfetch"]]
2026-01-17 21:32:37.454 [info] RunInTerminalTool#CommandLineAutoApproveAnalyzer: All sub-commands NOT auto-approved [null]
2026-01-17 21:32:37.454 [info] RunInTerminalTool#CommandLineAutoApproveAnalyzer: Command line NOT auto-approved [null]
2026-01-17 21:32:37.454 [info] RunInTerminalTool#CommandLineAutoApproveAnalyzer: - Command 'fastfetch' has no matching auto approve entries [null]
2026-01-17 21:32:37.454 [info] RunInTerminalTool#CommandLineAutoApproveAnalyzer: - Command line 'fastfetch' has no matching auto approve entries [null]
2026-01-17 21:32:46.512 [info] RunInTerminalTool: Command rewritten by J0t: Prepended with a space to exclude from shell history []
2026-01-17 21:32:46.524 [info] RunInTerminalTool#CommandLineFileWriteAnalyzer: File writes detected [[]]
2026-01-17 21:32:46.524 [info] RunInTerminalTool#CommandLineAutoApproveAnalyzer: Parsed sub-commands via bash grammar [["bash ~/.config/fastfetch/fastfetch.sh","file $(bash ~/.config/fastfetch/fastfetch.sh)","bash ~/.config/fastfetch/fastfetch.sh"]]
2026-01-17 21:32:46.524 [info] RunInTerminalTool#CommandLineAutoApproveAnalyzer: All sub-commands NOT auto-approved [null]
2026-01-17 21:32:46.524 [info] RunInTerminalTool#CommandLineAutoApproveAnalyzer: Command line NOT auto-approved [null]
2026-01-17 21:32:46.524 [info] RunInTerminalTool#CommandLineAutoApproveAnalyzer: - Command 'bash ~/.config/fastfetch/fastfetch.sh' has no matching auto approve entries [null]
2026-01-17 21:32:46.524 [info] RunInTerminalTool#CommandLineAutoApproveAnalyzer: - Command 'file $(bash ~/.config/fastfetch/fastfetch.sh)' is approved by allow list rule: file [null]
2026-01-17 21:32:46.524 [info] RunInTerminalTool#CommandLineAutoApproveAnalyzer: - Command 'bash ~/.config/fastfetch/fastfetch.sh' has no matching auto approve entries [null]
2026-01-17 21:32:46.525 [info] RunInTerminalTool#CommandLineAutoApproveAnalyzer: - Command line 'bash ~/.config/fastfetch/fastfetch.sh && file $(bash ~/.config/fastfetch/fastfetch.sh)' has no matching auto approve entries [null]
2026-01-17 21:33:07.652 [info] RunInTerminalTool: Command rewritten by J0t: Prepended with a space to exclude from shell history []
2026-01-17 21:33:07.665 [info] RunInTerminalTool#CommandLineFileWriteAnalyzer: File writes detected [[]]
2026-01-17 21:33:07.665 [info] RunInTerminalTool#CommandLineAutoApproveAnalyzer: Parsed sub-commands via bash grammar [["fastfetch"]]
2026-01-17 21:33:07.665 [info] RunInTerminalTool#CommandLineAutoApproveAnalyzer: All sub-commands NOT auto-approved [null]
2026-01-17 21:33:07.665 [info] RunInTerminalTool#CommandLineAutoApproveAnalyzer: Command line NOT auto-approved [null]
2026-01-17 21:33:07.665 [info] RunInTerminalTool#CommandLineAutoApproveAnalyzer: - Command 'fastfetch' has no matching auto approve entries [null]
2026-01-17 21:33:07.666 [info] RunInTerminalTool#CommandLineAutoApproveAnalyzer: - Command line 'fastfetch' has no matching auto approve entries [null]
2026-01-17 21:33:20.466 [warning] Shell integration failed to add capabilities within 10 seconds []
2026-01-17 21:33:36.892 [info] RunInTerminalTool: Command rewritten by J0t: Prepended with a space to exclude from shell history []
2026-01-17 21:33:36.904 [info] RunInTerminalTool#CommandLineFileWriteAnalyzer: File writes detected [[]]
2026-01-17 21:33:36.904 [info] RunInTerminalTool#CommandLineAutoApproveAnalyzer: Parsed sub-commands via bash grammar [["fastfetch"]]
2026-01-17 21:33:36.904 [info] RunInTerminalTool#CommandLineAutoApproveAnalyzer: All sub-commands NOT auto-approved [null]
2026-01-17 21:33:36.904 [info] RunInTerminalTool#CommandLineAutoApproveAnalyzer: Command line NOT auto-approved [null]
2026-01-17 21:33:36.904 [info] RunInTerminalTool#CommandLineAutoApproveAnalyzer: - Command 'fastfetch' has no matching auto approve entries [null]
2026-01-17 21:33:36.904 [info] RunInTerminalTool#CommandLineAutoApproveAnalyzer: - Command line 'fastfetch' has no matching auto approve entries [null]
