[17/01/2026 21:25:54 - DEBUG] Registered instance 306d076a-87c2-4dbe-a910-674a9a3685571768659951996-1768659954358-cyauv5
[17/01/2026 21:25:54 - INFO] Discord Presence activated
[17/01/2026 21:25:54 - INFO] Creating discord-rpc client
[17/01/2026 21:25:55 - INFO] Successfully connected to Discord
[17/01/2026 21:25:55 - DEBUG] Loading git extension
[17/01/2026 21:25:56 - TRACE] VSCode language id: shellscript
[17/01/2026 21:25:57 - TRACE] VSCode language id: jsonc
[17/01/2026 21:26:24 - DEBUG] Registered instance 306d076a-87c2-4dbe-a910-674a9a3685571768659951996-1768659954358-cyauv5
[17/01/2026 21:26:54 - DEBUG] Registered instance 306d076a-87c2-4dbe-a910-674a9a3685571768659951996-1768659954358-cyauv5
[17/01/2026 21:27:24 - DEBUG] Registered instance 306d076a-87c2-4dbe-a910-674a9a3685571768659951996-1768659954358-cyauv5
[17/01/2026 21:27:54 - DEBUG] Registered instance 306d076a-87c2-4dbe-a910-674a9a3685571768659951996-1768659954358-cyauv5
[17/01/2026 21:28:03 - TRACE] VSCode language id: shellscript
[17/01/2026 21:28:17 - TRACE] VSCode language id: shellscript
[17/01/2026 21:28:19 - TRACE] VSCode language id: shellscript
[17/01/2026 21:28:24 - DEBUG] Registered instance 306d076a-87c2-4dbe-a910-674a9a3685571768659951996-1768659954358-cyauv5
[17/01/2026 21:28:46 - TRACE] VSCode language id: shellscript
[17/01/2026 21:28:48 - TRACE] VSCode language id: shellscript
[17/01/2026 21:28:54 - DEBUG] Registered instance 306d076a-87c2-4dbe-a910-674a9a3685571768659951996-1768659954358-cyauv5
[17/01/2026 21:29:09 - TRACE] VSCode language id: shellscript
[17/01/2026 21:29:11 - TRACE] VSCode language id: shellscript
[17/01/2026 21:29:17 - TRACE] VSCode language id: jsonc
[17/01/2026 21:29:24 - DEBUG] Registered instance 306d076a-87c2-4dbe-a910-674a9a3685571768659951996-1768659954358-cyauv5
[17/01/2026 21:29:54 - DEBUG] Registered instance 306d076a-87c2-4dbe-a910-674a9a3685571768659951996-1768659954358-cyauv5
[17/01/2026 21:30:21 - TRACE] VSCode language id: jsonc
[17/01/2026 21:30:23 - TRACE] VSCode language id: jsonc
[17/01/2026 21:30:24 - DEBUG] Registered instance 306d076a-87c2-4dbe-a910-674a9a3685571768659951996-1768659954358-cyauv5
[17/01/2026 21:30:25 - TRACE] VSCode language id: shellscript
[17/01/2026 21:30:34 - TRACE] VSCode language id: shellscript
[17/01/2026 21:30:36 - TRACE] VSCode language id: shellscript
[17/01/2026 21:30:36 - TRACE] VSCode language id: shellscript
[17/01/2026 21:30:38 - TRACE] VSCode language id: jsonc
[17/01/2026 21:30:38 - TRACE] VSCode language id: jsonc
[17/01/2026 21:30:41 - TRACE] VSCode language id: jsonc
[17/01/2026 21:30:43 - TRACE] VSCode language id: jsonc
[17/01/2026 21:30:54 - DEBUG] Registered instance 306d076a-87c2-4dbe-a910-674a9a3685571768659951996-1768659954358-cyauv5
[17/01/2026 21:31:24 - DEBUG] Registered instance 306d076a-87c2-4dbe-a910-674a9a3685571768659951996-1768659954358-cyauv5
[17/01/2026 21:31:54 - DEBUG] Registered instance 306d076a-87c2-4dbe-a910-674a9a3685571768659951996-1768659954358-cyauv5
[17/01/2026 21:32:24 - DEBUG] Registered instance 306d076a-87c2-4dbe-a910-674a9a3685571768659951996-1768659954358-cyauv5
[17/01/2026 21:32:31 - TRACE] VSCode language id: jsonc
[17/01/2026 21:32:33 - TRACE] VSCode language id: jsonc
[17/01/2026 21:32:38 - TRACE] VSCode language id: jsonc
[17/01/2026 21:32:40 - TRACE] VSCode language id: jsonc
[17/01/2026 21:32:54 - DEBUG] Registered instance 306d076a-87c2-4dbe-a910-674a9a3685571768659951996-1768659954358-cyauv5
[17/01/2026 21:33:01 - TRACE] VSCode language id: jsonc
[17/01/2026 21:33:03 - TRACE] VSCode language id: jsonc
[17/01/2026 21:33:24 - DEBUG] Registered instance 306d076a-87c2-4dbe-a910-674a9a3685571768659951996-1768659954358-cyauv5
[17/01/2026 21:33:31 - TRACE] VSCode language id: jsonc
[17/01/2026 21:33:33 - TRACE] VSCode language id: jsonc
[17/01/2026 21:33:54 - DEBUG] Registered instance 306d076a-87c2-4dbe-a910-674a9a3685571768659951996-1768659954358-cyauv5
[17/01/2026 21:34:24 - DEBUG] Registered instance 306d076a-87c2-4dbe-a910-674a9a3685571768659951996-1768659954358-cyauv5
[17/01/2026 21:34:41 - TRACE] VSCode language id: jsonc
[17/01/2026 21:34:43 - TRACE] VSCode language id: jsonc
[17/01/2026 21:34:45 - TRACE] VSCode language id: jsonc
[17/01/2026 21:34:50 - TRACE] VSCode language id: jsonc
[17/01/2026 21:34:52 - TRACE] VSCode language id: jsonc
[17/01/2026 21:34:54 - DEBUG] Registered instance 306d076a-87c2-4dbe-a910-674a9a3685571768659951996-1768659954358-cyauv5
[17/01/2026 21:34:54 - TRACE] VSCode language id: jsonc
[17/01/2026 21:34:56 - TRACE] VSCode language id: jsonc
[17/01/2026 21:34:59 - TRACE] VSCode language id: shellscript
[17/01/2026 21:34:59 - TRACE] VSCode language id: shellscript
[17/01/2026 21:35:00 - TRACE] VSCode language id: jsonc
[17/01/2026 21:35:24 - DEBUG] Registered instance 306d076a-87c2-4dbe-a910-674a9a3685571768659951996-1768659954358-cyauv5
[17/01/2026 21:35:54 - DEBUG] Registered instance 306d076a-87c2-4dbe-a910-674a9a3685571768659951996-1768659954358-cyauv5
[17/01/2026 21:36:24 - DEBUG] Registered instance 306d076a-87c2-4dbe-a910-674a9a3685571768659951996-1768659954358-cyauv5
[17/01/2026 21:36:54 - DEBUG] Registered instance 306d076a-87c2-4dbe-a910-674a9a3685571768659951996-1768659954358-cyauv5
[17/01/2026 21:37:24 - DEBUG] Registered instance 306d076a-87c2-4dbe-a910-674a9a3685571768659951996-1768659954358-cyauv5
[17/01/2026 21:37:54 - DEBUG] Registered instance 306d076a-87c2-4dbe-a910-674a9a3685571768659951996-1768659954358-cyauv5
[17/01/2026 21:38:24 - DEBUG] Registered instance 306d076a-87c2-4dbe-a910-674a9a3685571768659951996-1768659954358-cyauv5
[17/01/2026 21:38:54 - DEBUG] Registered instance 306d076a-87c2-4dbe-a910-674a9a3685571768659951996-1768659954358-cyauv5
[17/01/2026 21:39:24 - DEBUG] Registered instance 306d076a-87c2-4dbe-a910-674a9a3685571768659951996-1768659954358-cyauv5
[17/01/2026 21:39:54 - DEBUG] Registered instance 306d076a-87c2-4dbe-a910-674a9a3685571768659951996-1768659954358-cyauv5
[17/01/2026 21:40:10 - TRACE] VSCode language id: jsonc
[17/01/2026 21:40:12 - TRACE] VSCode language id: jsonc
[17/01/2026 21:40:14 - TRACE] VSCode language id: jsonc
[17/01/2026 21:40:16 - TRACE] VSCode language id: jsonc
[17/01/2026 21:40:18 - TRACE] VSCode language id: jsonc
[17/01/2026 21:40:20 - TRACE] VSCode language id: jsonc
[17/01/2026 21:40:24 - DEBUG] Registered instance 306d076a-87c2-4dbe-a910-674a9a3685571768659951996-1768659954358-cyauv5
[17/01/2026 21:40:54 - DEBUG] Registered instance 306d076a-87c2-4dbe-a910-674a9a3685571768659951996-1768659954358-cyauv5
[17/01/2026 21:41:24 - DEBUG] Registered instance 306d076a-87c2-4dbe-a910-674a9a3685571768659951996-1768659954358-cyauv5
[17/01/2026 21:41:26 - TRACE] VSCode language id: shellscript
[17/01/2026 21:41:32 - TRACE] VSCode language id: jsonc
[17/01/2026 21:41:45 - TRACE] VSCode language id: jsonc
[17/01/2026 21:41:47 - TRACE] VSCode language id: jsonc
[17/01/2026 21:41:49 - TRACE] VSCode language id: jsonc
[17/01/2026 21:41:51 - TRACE] VSCode language id: jsonc
[17/01/2026 21:41:53 - TRACE] VSCode language id: jsonc
[17/01/2026 21:41:54 - TRACE] VSCode language id: shellscript
[17/01/2026 21:41:54 - DEBUG] Registered instance 306d076a-87c2-4dbe-a910-674a9a3685571768659951996-1768659954358-cyauv5
[17/01/2026 21:42:00 - TRACE] VSCode language id: shellscript
[17/01/2026 21:42:02 - TRACE] VSCode language id: shellscript
[17/01/2026 21:42:05 - TRACE] VSCode language id: shellscript
[17/01/2026 21:42:07 - TRACE] VSCode language id: shellscript
[17/01/2026 21:42:09 - TRACE] VSCode language id: shellscript
[17/01/2026 21:42:11 - TRACE] VSCode language id: shellscript
[17/01/2026 21:42:12 - TRACE] VSCode language id: shellscript
[17/01/2026 21:42:24 - DEBUG] Registered instance 306d076a-87c2-4dbe-a910-674a9a3685571768659951996-1768659954358-cyauv5
[17/01/2026 21:42:35 - TRACE] VSCode language id: jsonc
[17/01/2026 21:42:47 - TRACE] VSCode language id: jsonc
[17/01/2026 21:42:49 - TRACE] VSCode language id: jsonc
[17/01/2026 21:42:54 - DEBUG] Registered instance 306d076a-87c2-4dbe-a910-674a9a3685571768659951996-1768659954358-cyauv5
[17/01/2026 21:43:03 - TRACE] VSCode language id: jsonc
[17/01/2026 21:43:05 - TRACE] VSCode language id: jsonc
[17/01/2026 21:43:07 - TRACE] VSCode language id: jsonc
[17/01/2026 21:43:09 - TRACE] VSCode language id: jsonc
[17/01/2026 21:43:11 - TRACE] VSCode language id: jsonc
[17/01/2026 21:43:14 - TRACE] VSCode language id: jsonc
[17/01/2026 21:43:16 - TRACE] VSCode language id: jsonc
[17/01/2026 21:43:18 - TRACE] VSCode language id: jsonc
[17/01/2026 21:43:24 - DEBUG] Registered instance 306d076a-87c2-4dbe-a910-674a9a3685571768659951996-1768659954358-cyauv5
[17/01/2026 21:43:41 - TRACE] VSCode language id: jsonc
[17/01/2026 21:43:43 - TRACE] VSCode language id: jsonc
[17/01/2026 21:43:45 - TRACE] VSCode language id: jsonc
[17/01/2026 21:43:48 - TRACE] VSCode language id: jsonc
[17/01/2026 21:43:50 - TRACE] VSCode language id: jsonc
[17/01/2026 21:43:54 - DEBUG] Registered instance 306d076a-87c2-4dbe-a910-674a9a3685571768659951996-1768659954358-cyauv5
[17/01/2026 21:44:04 - TRACE] VSCode language id: shellscript
[17/01/2026 21:44:08 - TRACE] VSCode language id: shellscript
[17/01/2026 21:44:10 - TRACE] VSCode language id: shellscript
[17/01/2026 21:44:24 - DEBUG] Registered instance 306d076a-87c2-4dbe-a910-674a9a3685571768659951996-1768659954358-cyauv5
[17/01/2026 21:44:39 - TRACE] VSCode language id: shellscript
[17/01/2026 21:44:41 - TRACE] VSCode language id: shellscript
[17/01/2026 21:44:54 - DEBUG] Registered instance 306d076a-87c2-4dbe-a910-674a9a3685571768659951996-1768659954358-cyauv5
[17/01/2026 21:44:55 - TRACE] VSCode language id: shellscript
[17/01/2026 21:44:57 - TRACE] VSCode language id: shellscript
[17/01/2026 21:44:59 - TRACE] VSCode language id: shellscript
[17/01/2026 21:45:01 - TRACE] VSCode language id: shellscript
[17/01/2026 21:45:24 - DEBUG] Registered instance 306d076a-87c2-4dbe-a910-674a9a3685571768659951996-1768659954358-cyauv5
[17/01/2026 21:45:54 - DEBUG] Registered instance 306d076a-87c2-4dbe-a910-674a9a3685571768659951996-1768659954358-cyauv5
[17/01/2026 21:46:24 - DEBUG] Registered instance 306d076a-87c2-4dbe-a910-674a9a3685571768659951996-1768659954358-cyauv5
[17/01/2026 21:46:54 - DEBUG] Registered instance 306d076a-87c2-4dbe-a910-674a9a3685571768659951996-1768659954358-cyauv5
[17/01/2026 21:47:15 - TRACE] VSCode language id: shellscript
[17/01/2026 21:47:17 - TRACE] VSCode language id: shellscript
[17/01/2026 21:47:24 - DEBUG] Registered instance 306d076a-87c2-4dbe-a910-674a9a3685571768659951996-1768659954358-cyauv5
[17/01/2026 21:47:54 - DEBUG] Registered instance 306d076a-87c2-4dbe-a910-674a9a3685571768659951996-1768659954358-cyauv5
[17/01/2026 21:48:09 - TRACE] VSCode language id: shellscript
[17/01/2026 21:48:11 - TRACE] VSCode language id: shellscript
[17/01/2026 21:48:24 - DEBUG] Registered instance 306d076a-87c2-4dbe-a910-674a9a3685571768659951996-1768659954358-cyauv5
[17/01/2026 21:48:34 - TRACE] VSCode language id: shellscript
[17/01/2026 21:48:36 - TRACE] VSCode language id: shellscript
[17/01/2026 21:48:54 - DEBUG] Registered instance 306d076a-87c2-4dbe-a910-674a9a3685571768659951996-1768659954358-cyauv5
[17/01/2026 21:49:24 - DEBUG] Registered instance 306d076a-87c2-4dbe-a910-674a9a3685571768659951996-1768659954358-cyauv5
[17/01/2026 21:49:39 - DEBUG] Cleaned up instance file for 306d076a-87c2-4dbe-a910-674a9a3685571768659951996-1768659954358-cyauv5
