2026-01-17 15:35:15.614 [info] Reading sessions from keychain...
2026-01-17 15:35:15.614 [info] Getting sessions for all scopes...
2026-01-17 15:35:15.614 [info] Got stored sessions!
2026-01-17 15:35:15.614 [info] Got 1 verified sessions.
2026-01-17 15:35:15.614 [info] Got 1 sessions for ...
2026-01-17 15:35:15.614 [info] Getting sessions for all scopes...
2026-01-17 15:35:15.614 [info] Got 1 sessions for ...
2026-01-17 15:35:15.614 [info] Getting sessions for all scopes...
2026-01-17 15:35:15.614 [info] Got 1 sessions for ...
2026-01-17 15:35:15.614 [info] Getting sessions for all scopes...
2026-01-17 15:35:15.614 [info] Got 1 sessions for ...
2026-01-17 15:35:15.614 [info] Getting sessions for all scopes...
2026-01-17 15:35:15.614 [info] Got 1 sessions for ...
2026-01-17 15:35:15.614 [info] Getting sessions for user:email...
2026-01-17 15:35:15.614 [info] Got 1 sessions for user:email...
2026-01-17 15:35:15.614 [info] Getting sessions for all scopes...
2026-01-17 15:35:15.614 [info] Got 1 sessions for ...
2026-01-17 15:35:15.614 [info] Getting sessions for all scopes...
2026-01-17 15:35:15.614 [info] Got 1 sessions for ...
2026-01-17 15:35:15.614 [info] Getting sessions for all scopes...
2026-01-17 15:35:15.614 [info] Got 1 sessions for ...
2026-01-17 15:35:15.614 [info] Getting sessions for all scopes...
2026-01-17 15:35:15.614 [info] Got 1 sessions for ...
2026-01-17 15:35:15.614 [info] Getting sessions for all scopes...
2026-01-17 15:35:15.614 [info] Got 1 sessions for ...
2026-01-17 15:35:15.614 [info] Getting sessions for all scopes...
2026-01-17 15:35:15.614 [info] Got 1 sessions for ...
2026-01-17 15:35:15.614 [info] Getting sessions for all scopes...
2026-01-17 15:35:15.614 [info] Got 1 sessions for ...
2026-01-17 15:35:15.614 [info] Getting sessions for all scopes...
2026-01-17 15:35:15.614 [info] Got 1 sessions for ...
2026-01-17 15:35:15.614 [info] Getting sessions for all scopes...
2026-01-17 15:35:15.614 [info] Got 1 sessions for ...
2026-01-17 15:35:15.614 [info] Getting sessions for all scopes...
2026-01-17 15:35:15.614 [info] Got 1 sessions for ...
2026-01-17 15:35:15.614 [info] Getting sessions for all scopes...
2026-01-17 15:35:15.614 [info] Got 1 sessions for ...
2026-01-17 15:35:15.614 [info] Getting sessions for all scopes...
2026-01-17 15:35:15.614 [info] Got 1 sessions for ...
2026-01-17 15:35:15.614 [info] Getting sessions for all scopes...
2026-01-17 15:35:15.614 [info] Got 1 sessions for ...
2026-01-17 15:35:15.614 [info] Getting sessions for all scopes...
2026-01-17 15:35:15.614 [info] Got 1 sessions for ...
2026-01-17 15:35:15.614 [info] Getting sessions for read:user,repo,user:email,workflow...
2026-01-17 15:35:15.614 [info] Got 0 sessions for read:user,repo,user:email,workflow...
2026-01-17 15:35:15.665 [info] Getting sessions for user:email...
2026-01-17 15:35:15.665 [info] Got 1 sessions for user:email...
2026-01-17 15:35:15.666 [info] Getting sessions for read:user,repo,user:email,workflow...
2026-01-17 15:35:15.666 [info] Got 0 sessions for read:user,repo,user:email,workflow...
2026-01-17 15:35:15.817 [info] Getting sessions for user:email...
2026-01-17 15:35:15.817 [info] Got 1 sessions for user:email...
2026-01-17 15:35:17.178 [info] Getting sessions for all scopes...
2026-01-17 15:35:17.178 [info] Got 1 sessions for ...
2026-01-17 15:35:17.178 [info] Getting sessions for all scopes...
2026-01-17 15:35:17.178 [info] Got 1 sessions for ...
2026-01-17 15:35:17.239 [info] Getting sessions for all scopes...
2026-01-17 15:35:17.239 [info] Got 1 sessions for ...
2026-01-17 15:35:17.289 [info] Getting sessions for read:user,repo,user:email...
2026-01-17 15:35:17.289 [info] Got 0 sessions for read:user,repo,user:email...
2026-01-17 15:35:17.312 [info] Getting sessions for read:user,repo,user:email,workflow...
2026-01-17 15:35:17.312 [info] Got 0 sessions for read:user,repo,user:email,workflow...
2026-01-17 15:35:17.447 [info] Getting sessions for user:email...
2026-01-17 15:35:17.447 [info] Got 1 sessions for user:email...
2026-01-17 15:35:17.447 [info] Getting sessions for read:user,repo,user:email,workflow...
2026-01-17 15:35:17.447 [info] Got 0 sessions for read:user,repo,user:email,workflow...
2026-01-17 15:35:18.306 [info] FetcherService: Electron fetch failed with status: 429 
2026-01-17 15:35:18.308 [info] Unable to resolve optional EDU details. Status: 429 
2026-01-17 15:35:18.401 [info] Getting sessions for all scopes...
2026-01-17 15:35:18.401 [info] Got 1 sessions for ...
2026-01-17 15:35:18.401 [info] Getting sessions for all scopes...
2026-01-17 15:35:18.401 [info] Got 1 sessions for ...
2026-01-17 15:35:18.408 [info] Getting sessions for read:user,repo,user:email,workflow...
2026-01-17 15:35:18.409 [info] Got 0 sessions for read:user,repo,user:email,workflow...
2026-01-17 15:35:18.409 [info] Getting sessions for user:email...
2026-01-17 15:35:18.409 [info] Got 1 sessions for user:email...
2026-01-17 15:35:18.409 [info] Getting sessions for read:user,repo,user:email,workflow...
2026-01-17 15:35:18.409 [info] Got 0 sessions for read:user,repo,user:email,workflow...
2026-01-17 15:35:18.497 [info] Getting sessions for all scopes...
2026-01-17 15:35:18.497 [info] Got 1 sessions for ...
2026-01-17 15:35:18.508 [info] Getting sessions for all scopes...
2026-01-17 15:35:18.508 [info] Got 1 sessions for ...
2026-01-17 15:35:18.509 [info] Getting sessions for all scopes...
2026-01-17 15:35:18.509 [info] Got 1 sessions for ...
2026-01-17 15:35:18.510 [info] Getting sessions for all scopes...
2026-01-17 15:35:18.510 [info] Got 1 sessions for ...
2026-01-17 15:35:18.516 [info] Getting sessions for read:user,repo,user:email,workflow...
2026-01-17 15:35:18.516 [info] Got 0 sessions for read:user,repo,user:email,workflow...
2026-01-17 15:35:18.517 [info] Getting sessions for user:email...
2026-01-17 15:35:18.517 [info] Got 1 sessions for user:email...
2026-01-17 15:35:18.517 [info] Getting sessions for read:user,repo,user:email,workflow...
2026-01-17 15:35:18.517 [info] Got 0 sessions for read:user,repo,user:email,workflow...
2026-01-17 15:35:18.523 [info] Getting sessions for all scopes...
2026-01-17 15:35:18.523 [info] Got 1 sessions for ...
2026-01-17 15:35:18.524 [info] Getting sessions for read:user,repo,user:email,workflow...
2026-01-17 15:35:18.524 [info] Got 0 sessions for read:user,repo,user:email,workflow...
2026-01-17 15:35:18.525 [info] Getting sessions for user:email...
2026-01-17 15:35:18.525 [info] Got 1 sessions for user:email...
2026-01-17 15:42:15.840 [info] Getting sessions for all scopes...
2026-01-17 15:42:15.840 [info] Got 1 sessions for ...
2026-01-17 15:42:15.842 [info] Getting sessions for all scopes...
2026-01-17 15:42:15.842 [info] Got 1 sessions for ...
