2026-01-17 21:25:46.770 [info] [main] Log level: Info
2026-01-17 21:25:46.770 [info] [main] Validating found git in: "git"
2026-01-17 21:25:46.770 [info] [main] Using git "2.52.0" from "git"
2026-01-17 21:25:46.770 [info] [Model][doInitialScan] Initial repository scan started
2026-01-17 21:25:46.770 [info] > git rev-parse --show-toplevel [4ms]
2026-01-17 21:25:46.770 [info] fatal: not a git repository (or any of the parent directories): .git
2026-01-17 21:25:46.770 [info] > git rev-parse --show-toplevel [3ms]
2026-01-17 21:25:46.770 [info] fatal: not a git repository (or any of the parent directories): .git
2026-01-17 21:25:46.770 [info] > git rev-parse --show-toplevel [1ms]
2026-01-17 21:25:46.770 [info] fatal: not a git repository (or any of the parent directories): .git
2026-01-17 21:25:46.770 [info] > git rev-parse --show-toplevel [1ms]
2026-01-17 21:25:46.770 [info] fatal: not a git repository (or any of the parent directories): .git
2026-01-17 21:25:46.770 [info] > git rev-parse --show-toplevel [1ms]
2026-01-17 21:25:46.770 [info] fatal: not a git repository (or any of the parent directories): .git
2026-01-17 21:25:46.770 [info] > git rev-parse --show-toplevel [2ms]
2026-01-17 21:25:46.770 [info] fatal: not a git repository (or any of the parent directories): .git
2026-01-17 21:25:46.770 [info] [Model][doInitialScan] Initial repository scan completed - repositories (0), closed repositories (0), parent repositories (0), unsafe repositories (0)
2026-01-17 21:25:48.823 [info] > git rev-parse --show-toplevel [75ms]
2026-01-17 21:25:48.823 [info] fatal: not a git repository (or any of the parent directories): .git
2026-01-17 21:25:54.835 [info] [main] Log level: Info
2026-01-17 21:25:54.835 [info] [main] Validating found git in: "git"
2026-01-17 21:25:54.835 [info] [main] Using git "2.52.0" from "git"
2026-01-17 21:25:54.835 [info] [Model][doInitialScan] Initial repository scan started
2026-01-17 21:25:54.835 [info] > git rev-parse --show-toplevel [6ms]
2026-01-17 21:25:54.835 [info] fatal: not a git repository (or any of the parent directories): .git
2026-01-17 21:25:54.846 [info] > git rev-parse --show-toplevel [3ms]
2026-01-17 21:25:54.846 [info] fatal: not a git repository (or any of the parent directories): .git
2026-01-17 21:25:54.849 [info] [Model][doInitialScan] Initial repository scan completed - repositories (0), closed repositories (0), parent repositories (0), unsafe repositories (0)
2026-01-17 21:25:54.949 [info] > git rev-parse --show-toplevel [6ms]
2026-01-17 21:25:54.949 [info] fatal: not a git repository (or any of the parent directories): .git
2026-01-17 21:25:56.862 [info] > git rev-parse --show-toplevel [427ms]
2026-01-17 21:25:56.862 [info] fatal: not a git repository (or any of the parent directories): .git
2026-01-17 21:25:56.981 [info] > git rev-parse --show-toplevel [52ms]
2026-01-17 21:25:56.981 [info] fatal: not a git repository (or any of the parent directories): .git
2026-01-17 21:25:57.978 [info] > git rev-parse --show-toplevel [3ms]
2026-01-17 21:25:57.978 [info] fatal: not a git repository (or any of the parent directories): .git
2026-01-17 21:26:54.189 [info] > git rev-parse --show-toplevel [4ms]
2026-01-17 21:26:54.189 [info] fatal: not a git repository (or any of the parent directories): .git
2026-01-17 21:27:16.591 [info] > git rev-parse --show-toplevel [8ms]
2026-01-17 21:27:16.591 [info] fatal: not a git repository (or any of the parent directories): .git
2026-01-17 21:27:31.647 [info] > git rev-parse --show-toplevel [2ms]
2026-01-17 21:27:31.647 [info] fatal: not a git repository (or any of the parent directories): .git
2026-01-17 21:27:31.656 [info] > git rev-parse --show-toplevel [1ms]
2026-01-17 21:27:31.656 [info] fatal: not a git repository (or any of the parent directories): .git
2026-01-17 21:28:03.614 [info] > git rev-parse --show-toplevel [4ms]
2026-01-17 21:28:03.614 [info] fatal: not a git repository (or any of the parent directories): .git
2026-01-17 21:28:17.193 [info] > git rev-parse --show-toplevel [1ms]
2026-01-17 21:28:17.193 [info] fatal: not a git repository (or any of the parent directories): .git
2026-01-17 21:28:17.211 [info] > git rev-parse --show-toplevel [8ms]
2026-01-17 21:28:17.211 [info] fatal: not a git repository (or any of the parent directories): .git
2026-01-17 21:28:41.913 [info] > git rev-parse --show-toplevel [2ms]
2026-01-17 21:28:41.913 [info] fatal: not a git repository (or any of the parent directories): .git
2026-01-17 21:28:41.923 [info] > git rev-parse --show-toplevel [2ms]
2026-01-17 21:28:41.923 [info] fatal: not a git repository (or any of the parent directories): .git
2026-01-17 21:29:06.020 [info] > git rev-parse --show-toplevel [2ms]
2026-01-17 21:29:06.020 [info] fatal: not a git repository (or any of the parent directories): .git
2026-01-17 21:29:06.035 [info] > git rev-parse --show-toplevel [1ms]
2026-01-17 21:29:06.035 [info] fatal: not a git repository (or any of the parent directories): .git
2026-01-17 21:29:17.160 [info] > git rev-parse --show-toplevel [4ms]
2026-01-17 21:29:17.160 [info] fatal: not a git repository (or any of the parent directories): .git
2026-01-17 21:30:03.201 [info] > git rev-parse --show-toplevel [2ms]
2026-01-17 21:30:03.201 [info] fatal: not a git repository (or any of the parent directories): .git
2026-01-17 21:30:03.210 [info] > git rev-parse --show-toplevel [1ms]
2026-01-17 21:30:03.211 [info] fatal: not a git repository (or any of the parent directories): .git
2026-01-17 21:30:21.450 [info] > git rev-parse --show-toplevel [1ms]
2026-01-17 21:30:21.450 [info] fatal: not a git repository (or any of the parent directories): .git
2026-01-17 21:30:21.463 [info] > git rev-parse --show-toplevel [1ms]
2026-01-17 21:30:21.463 [info] fatal: not a git repository (or any of the parent directories): .git
2026-01-17 21:30:25.104 [info] > git rev-parse --show-toplevel [3ms]
2026-01-17 21:30:25.104 [info] fatal: not a git repository (or any of the parent directories): .git
2026-01-17 21:30:30.678 [info] > git rev-parse --show-toplevel [2ms]
2026-01-17 21:30:30.678 [info] fatal: not a git repository (or any of the parent directories): .git
2026-01-17 21:30:30.688 [info] > git rev-parse --show-toplevel [2ms]
2026-01-17 21:30:30.688 [info] fatal: not a git repository (or any of the parent directories): .git
2026-01-17 21:30:36.639 [info] > git rev-parse --show-toplevel [1ms]
2026-01-17 21:30:36.639 [info] fatal: not a git repository (or any of the parent directories): .git
2026-01-17 21:30:36.652 [info] > git rev-parse --show-toplevel [1ms]
2026-01-17 21:30:36.652 [info] fatal: not a git repository (or any of the parent directories): .git
2026-01-17 21:30:38.041 [info] > git rev-parse --show-toplevel [3ms]
2026-01-17 21:30:38.041 [info] fatal: not a git repository (or any of the parent directories): .git
2026-01-17 21:32:15.316 [info] > git rev-parse --show-toplevel [3ms]
2026-01-17 21:32:15.316 [info] fatal: not a git repository (or any of the parent directories): .git
2026-01-17 21:32:15.328 [info] > git rev-parse --show-toplevel [3ms]
2026-01-17 21:32:15.328 [info] fatal: not a git repository (or any of the parent directories): .git
2026-01-17 21:32:31.524 [info] > git rev-parse --show-toplevel [2ms]
2026-01-17 21:32:31.524 [info] fatal: not a git repository (or any of the parent directories): .git
2026-01-17 21:32:31.540 [info] > git rev-parse --show-toplevel [2ms]
2026-01-17 21:32:31.540 [info] fatal: not a git repository (or any of the parent directories): .git
2026-01-17 21:32:57.072 [info] > git rev-parse --show-toplevel [2ms]
2026-01-17 21:32:57.072 [info] fatal: not a git repository (or any of the parent directories): .git
2026-01-17 21:32:57.082 [info] > git rev-parse --show-toplevel [2ms]
2026-01-17 21:32:57.082 [info] fatal: not a git repository (or any of the parent directories): .git
2026-01-17 21:33:01.789 [info] > git rev-parse --show-toplevel [1ms]
2026-01-17 21:33:01.789 [info] fatal: not a git repository (or any of the parent directories): .git
2026-01-17 21:33:01.804 [info] > git rev-parse --show-toplevel [2ms]
2026-01-17 21:33:01.804 [info] fatal: not a git repository (or any of the parent directories): .git
2026-01-17 21:33:19.131 [info] > git rev-parse --show-toplevel [3ms]
2026-01-17 21:33:19.131 [info] fatal: not a git repository (or any of the parent directories): .git
2026-01-17 21:33:19.142 [info] > git rev-parse --show-toplevel [2ms]
2026-01-17 21:33:19.142 [info] fatal: not a git repository (or any of the parent directories): .git
2026-01-17 21:33:31.148 [info] > git rev-parse --show-toplevel [1ms]
2026-01-17 21:33:31.148 [info] fatal: not a git repository (or any of the parent directories): .git
2026-01-17 21:33:31.161 [info] > git rev-parse --show-toplevel [1ms]
2026-01-17 21:33:31.161 [info] fatal: not a git repository (or any of the parent directories): .git
2026-01-17 21:34:59.184 [info] > git rev-parse --show-toplevel [3ms]
2026-01-17 21:34:59.184 [info] fatal: not a git repository (or any of the parent directories): .git
2026-01-17 21:35:00.462 [info] > git rev-parse --show-toplevel [3ms]
2026-01-17 21:35:00.462 [info] fatal: not a git repository (or any of the parent directories): .git
2026-01-17 21:41:26.281 [info] > git rev-parse --show-toplevel [3ms]
2026-01-17 21:41:26.281 [info] fatal: not a git repository (or any of the parent directories): .git
2026-01-17 21:41:32.457 [info] > git rev-parse --show-toplevel [2ms]
2026-01-17 21:41:32.457 [info] fatal: not a git repository (or any of the parent directories): .git
2026-01-17 21:41:51.569 [info] > git rev-parse --show-toplevel [2ms]
2026-01-17 21:41:51.569 [info] fatal: not a git repository (or any of the parent directories): .git
2026-01-17 21:41:51.579 [info] > git rev-parse --show-toplevel [1ms]
2026-01-17 21:41:51.579 [info] fatal: not a git repository (or any of the parent directories): .git
2026-01-17 21:41:54.244 [info] > git rev-parse --show-toplevel [2ms]
2026-01-17 21:41:54.244 [info] fatal: not a git repository (or any of the parent directories): .git
2026-01-17 21:41:54.265 [info] > git rev-parse --show-toplevel [2ms]
2026-01-17 21:41:54.265 [info] fatal: not a git repository (or any of the parent directories): .git
2026-01-17 21:41:54.276 [info] > git rev-parse --show-toplevel [1ms]
2026-01-17 21:41:54.276 [info] fatal: not a git repository (or any of the parent directories): .git
2026-01-17 21:42:02.843 [info] > git rev-parse --show-toplevel [2ms]
2026-01-17 21:42:02.843 [info] fatal: not a git repository (or any of the parent directories): .git
2026-01-17 21:42:09.095 [info] > git rev-parse --show-toplevel [2ms]
2026-01-17 21:42:09.095 [info] fatal: not a git repository (or any of the parent directories): .git
2026-01-17 21:42:09.123 [info] > git rev-parse --show-toplevel [5ms]
2026-01-17 21:42:09.123 [info] fatal: not a git repository (or any of the parent directories): .git
2026-01-17 21:42:35.407 [info] > git rev-parse --show-toplevel [1ms]
2026-01-17 21:42:35.407 [info] fatal: not a git repository (or any of the parent directories): .git
2026-01-17 21:42:35.427 [info] > git rev-parse --show-toplevel [3ms]
2026-01-17 21:42:35.428 [info] fatal: not a git repository (or any of the parent directories): .git
2026-01-17 21:42:35.440 [info] > git rev-parse --show-toplevel [2ms]
2026-01-17 21:42:35.440 [info] fatal: not a git repository (or any of the parent directories): .git
2026-01-17 21:43:16.894 [info] > git rev-parse --show-toplevel [1ms]
2026-01-17 21:43:16.894 [info] fatal: not a git repository (or any of the parent directories): .git
2026-01-17 21:44:04.491 [info] > git rev-parse --show-toplevel [3ms]
2026-01-17 21:44:04.491 [info] fatal: not a git repository (or any of the parent directories): .git
