2026-01-17 21:57:50.030 [info] Reading sessions from keychain...
2026-01-17 21:57:50.030 [info] Getting sessions for all scopes...
2026-01-17 21:57:50.030 [info] Got stored sessions!
2026-01-17 21:57:50.030 [info] Got 1 verified sessions.
2026-01-17 21:57:50.030 [info] Got 1 sessions for ...
2026-01-17 21:57:50.030 [info] Getting sessions for all scopes...
2026-01-17 21:57:50.030 [info] Got 1 sessions for ...
2026-01-17 21:57:50.030 [info] Getting sessions for all scopes...
2026-01-17 21:57:50.030 [info] Got 1 sessions for ...
2026-01-17 21:57:50.030 [info] Getting sessions for all scopes...
2026-01-17 21:57:50.030 [info] Got 1 sessions for ...
2026-01-17 21:57:50.030 [info] Getting sessions for all scopes...
2026-01-17 21:57:50.030 [info] Got 1 sessions for ...
2026-01-17 21:57:50.030 [info] Getting sessions for user:email...
2026-01-17 21:57:50.030 [info] Got 1 sessions for user:email...
2026-01-17 21:57:50.030 [info] Getting sessions for all scopes...
2026-01-17 21:57:50.030 [info] Got 1 sessions for ...
2026-01-17 21:57:50.030 [info] Getting sessions for all scopes...
2026-01-17 21:57:50.030 [info] Got 1 sessions for ...
2026-01-17 21:57:50.030 [info] Getting sessions for all scopes...
2026-01-17 21:57:50.030 [info] Got 1 sessions for ...
2026-01-17 21:57:50.030 [info] Getting sessions for all scopes...
2026-01-17 21:57:50.030 [info] Got 1 sessions for ...
2026-01-17 21:57:50.030 [info] Getting sessions for all scopes...
2026-01-17 21:57:50.030 [info] Got 1 sessions for ...
2026-01-17 21:57:50.030 [info] Getting sessions for all scopes...
2026-01-17 21:57:50.030 [info] Got 1 sessions for ...
2026-01-17 21:57:50.030 [info] Getting sessions for all scopes...
2026-01-17 21:57:50.030 [info] Got 1 sessions for ...
2026-01-17 21:57:50.030 [info] Getting sessions for all scopes...
2026-01-17 21:57:50.030 [info] Got 1 sessions for ...
2026-01-17 21:57:50.030 [info] Getting sessions for all scopes...
2026-01-17 21:57:50.030 [info] Got 1 sessions for ...
2026-01-17 21:57:50.030 [info] Getting sessions for all scopes...
2026-01-17 21:57:50.030 [info] Got 1 sessions for ...
2026-01-17 21:57:50.030 [info] Getting sessions for all scopes...
2026-01-17 21:57:50.030 [info] Got 1 sessions for ...
2026-01-17 21:57:50.030 [info] Getting sessions for all scopes...
2026-01-17 21:57:50.030 [info] Got 1 sessions for ...
2026-01-17 21:57:50.030 [info] Getting sessions for all scopes...
2026-01-17 21:57:50.030 [info] Got 1 sessions for ...
2026-01-17 21:57:50.030 [info] Getting sessions for read:user,repo,user:email,workflow...
2026-01-17 21:57:50.030 [info] Got 0 sessions for read:user,repo,user:email,workflow...
2026-01-17 21:57:51.295 [info] Getting sessions for user:email...
2026-01-17 21:57:51.295 [info] Got 1 sessions for user:email...
2026-01-17 21:57:51.295 [info] Getting sessions for read:user,repo,user:email,workflow...
2026-01-17 21:57:51.295 [info] Got 0 sessions for read:user,repo,user:email,workflow...
2026-01-17 21:57:51.318 [info] Getting sessions for all scopes...
2026-01-17 21:57:51.318 [info] Got 1 sessions for ...
2026-01-17 21:57:51.570 [info] Getting sessions for all scopes...
2026-01-17 21:57:51.570 [info] Got 1 sessions for ...
2026-01-17 21:57:51.589 [info] Getting sessions for read:user,repo,user:email...
2026-01-17 21:57:51.589 [info] Got 0 sessions for read:user,repo,user:email...
2026-01-17 21:57:51.600 [info] Getting sessions for user:email...
2026-01-17 21:57:51.600 [info] Got 1 sessions for user:email...
2026-01-17 21:57:51.654 [info] Getting sessions for read:user,repo,user:email,workflow...
2026-01-17 21:57:51.654 [info] Got 0 sessions for read:user,repo,user:email,workflow...
2026-01-17 21:57:51.743 [info] Getting sessions for user:email...
2026-01-17 21:57:51.744 [info] Got 1 sessions for user:email...
2026-01-17 21:57:52.556 [info] Getting sessions for all scopes...
2026-01-17 21:57:52.556 [info] Got 1 sessions for ...
2026-01-17 21:57:52.556 [info] Getting sessions for all scopes...
2026-01-17 21:57:52.556 [info] Got 1 sessions for ...
2026-01-17 21:57:52.564 [info] Getting sessions for read:user,repo,user:email,workflow...
2026-01-17 21:57:52.564 [info] Got 0 sessions for read:user,repo,user:email,workflow...
2026-01-17 21:57:52.564 [info] Getting sessions for user:email...
2026-01-17 21:57:52.564 [info] Got 1 sessions for user:email...
2026-01-17 21:57:52.565 [info] Getting sessions for read:user,repo,user:email,workflow...
2026-01-17 21:57:52.565 [info] Got 0 sessions for read:user,repo,user:email,workflow...
2026-01-17 21:57:52.644 [info] Getting sessions for all scopes...
2026-01-17 21:57:52.644 [info] Got 1 sessions for ...
2026-01-17 21:57:52.655 [info] Getting sessions for all scopes...
2026-01-17 21:57:52.655 [info] Got 1 sessions for ...
2026-01-17 21:57:52.655 [info] Getting sessions for all scopes...
2026-01-17 21:57:52.655 [info] Got 1 sessions for ...
2026-01-17 21:57:52.656 [info] Getting sessions for all scopes...
2026-01-17 21:57:52.656 [info] Got 1 sessions for ...
2026-01-17 21:57:52.677 [info] Getting sessions for read:user,repo,user:email,workflow...
2026-01-17 21:57:52.677 [info] Got 0 sessions for read:user,repo,user:email,workflow...
2026-01-17 21:57:52.678 [info] Getting sessions for user:email...
2026-01-17 21:57:52.678 [info] Got 1 sessions for user:email...
2026-01-17 21:57:52.678 [info] Getting sessions for read:user,repo,user:email,workflow...
2026-01-17 21:57:52.678 [info] Got 0 sessions for read:user,repo,user:email,workflow...
2026-01-17 21:57:52.680 [info] Getting sessions for all scopes...
2026-01-17 21:57:52.680 [info] Got 1 sessions for ...
2026-01-17 21:57:52.681 [info] Getting sessions for read:user,repo,user:email,workflow...
2026-01-17 21:57:52.681 [info] Got 0 sessions for read:user,repo,user:email,workflow...
2026-01-17 21:57:52.682 [info] Getting sessions for user:email...
2026-01-17 21:57:52.682 [info] Got 1 sessions for user:email...
2026-01-17 21:57:53.547 [info] FetcherService: Electron fetch failed with status: 429 
2026-01-17 21:57:53.549 [info] Unable to resolve optional EDU details. Status: 429 
2026-01-17 21:58:01.744 [info] Getting sessions for all scopes...
2026-01-17 21:58:01.744 [info] Got 1 sessions for ...
2026-01-17 21:58:01.744 [info] Getting sessions for all scopes...
2026-01-17 21:58:01.744 [info] Got 1 sessions for ...
