2026-01-17 16:04:39.037 [info] Reading sessions from keychain...
2026-01-17 16:04:39.037 [info] Got stored sessions!
2026-01-17 16:04:39.037 [info] Got 1 verified sessions.
2026-01-17 16:04:39.037 [info] Getting sessions for all scopes...
2026-01-17 16:04:39.037 [info] Got 1 sessions for ...
2026-01-17 16:04:39.037 [info] Getting sessions for all scopes...
2026-01-17 16:04:39.037 [info] Got 1 sessions for ...
2026-01-17 16:04:39.037 [info] Getting sessions for all scopes...
2026-01-17 16:04:39.037 [info] Got 1 sessions for ...
2026-01-17 16:04:39.037 [info] Getting sessions for all scopes...
2026-01-17 16:04:39.037 [info] Got 1 sessions for ...
2026-01-17 16:04:39.037 [info] Getting sessions for all scopes...
2026-01-17 16:04:39.037 [info] Got 1 sessions for ...
2026-01-17 16:04:39.037 [info] Getting sessions for user:email...
2026-01-17 16:04:39.037 [info] Got 1 sessions for user:email...
2026-01-17 16:04:39.037 [info] Getting sessions for all scopes...
2026-01-17 16:04:39.037 [info] Got 1 sessions for ...
2026-01-17 16:04:39.037 [info] Getting sessions for all scopes...
2026-01-17 16:04:39.037 [info] Got 1 sessions for ...
2026-01-17 16:04:39.037 [info] Getting sessions for all scopes...
2026-01-17 16:04:39.037 [info] Got 1 sessions for ...
2026-01-17 16:04:39.037 [info] Getting sessions for all scopes...
2026-01-17 16:04:39.037 [info] Got 1 sessions for ...
2026-01-17 16:04:39.037 [info] Getting sessions for all scopes...
2026-01-17 16:04:39.037 [info] Got 1 sessions for ...
2026-01-17 16:04:39.037 [info] Getting sessions for all scopes...
2026-01-17 16:04:39.037 [info] Got 1 sessions for ...
2026-01-17 16:04:39.037 [info] Getting sessions for all scopes...
2026-01-17 16:04:39.037 [info] Got 1 sessions for ...
2026-01-17 16:04:39.037 [info] Getting sessions for all scopes...
2026-01-17 16:04:39.037 [info] Got 1 sessions for ...
2026-01-17 16:04:39.037 [info] Getting sessions for all scopes...
2026-01-17 16:04:39.037 [info] Got 1 sessions for ...
2026-01-17 16:04:39.037 [info] Getting sessions for all scopes...
2026-01-17 16:04:39.037 [info] Got 1 sessions for ...
2026-01-17 16:04:39.037 [info] Getting sessions for all scopes...
2026-01-17 16:04:39.037 [info] Got 1 sessions for ...
2026-01-17 16:04:39.037 [info] Getting sessions for all scopes...
2026-01-17 16:04:39.037 [info] Got 1 sessions for ...
2026-01-17 16:04:39.037 [info] Getting sessions for all scopes...
2026-01-17 16:04:39.037 [info] Got 1 sessions for ...
2026-01-17 16:04:39.037 [info] Getting sessions for read:user,repo,user:email,workflow...
2026-01-17 16:04:39.037 [info] Got 0 sessions for read:user,repo,user:email,workflow...
2026-01-17 16:04:39.046 [info] Getting sessions for user:email...
2026-01-17 16:04:39.046 [info] Got 1 sessions for user:email...
2026-01-17 16:04:39.046 [info] Getting sessions for read:user,repo,user:email,workflow...
2026-01-17 16:04:39.046 [info] Got 0 sessions for read:user,repo,user:email,workflow...
2026-01-17 16:04:39.049 [info] Getting sessions for user:email...
2026-01-17 16:04:39.049 [info] Got 1 sessions for user:email...
2026-01-17 16:04:39.055 [info] Getting sessions for all scopes...
2026-01-17 16:04:39.055 [info] Got 1 sessions for ...
2026-01-17 16:04:39.077 [info] Getting sessions for read:user,repo,user:email,workflow...
2026-01-17 16:04:39.077 [info] Got 0 sessions for read:user,repo,user:email,workflow...
2026-01-17 16:04:39.079 [info] Getting sessions for user:email...
2026-01-17 16:04:39.079 [info] Got 1 sessions for user:email...
2026-01-17 16:04:39.171 [info] Getting sessions for all scopes...
2026-01-17 16:04:39.171 [info] Got 1 sessions for ...
2026-01-17 16:04:39.171 [info] Getting sessions for all scopes...
2026-01-17 16:04:39.171 [info] Got 1 sessions for ...
2026-01-17 16:04:39.174 [info] Getting sessions for read:user,repo,user:email,workflow...
2026-01-17 16:04:39.174 [info] Got 0 sessions for read:user,repo,user:email,workflow...
2026-01-17 16:04:39.175 [info] Getting sessions for user:email...
2026-01-17 16:04:39.175 [info] Got 1 sessions for user:email...
2026-01-17 16:04:39.175 [info] Getting sessions for read:user,repo,user:email,workflow...
2026-01-17 16:04:39.175 [info] Got 0 sessions for read:user,repo,user:email,workflow...
2026-01-17 16:04:40.638 [info] Getting sessions for all scopes...
2026-01-17 16:04:40.638 [info] Got 1 sessions for ...
2026-01-17 16:04:40.848 [info] Getting sessions for read:user,repo,user:email...
2026-01-17 16:04:40.848 [info] Got 0 sessions for read:user,repo,user:email...
2026-01-17 16:04:40.848 [info] Getting sessions for all scopes...
2026-01-17 16:04:40.848 [info] Got 1 sessions for ...
2026-01-17 16:04:40.854 [info] Getting sessions for all scopes...
2026-01-17 16:04:40.854 [info] Got 1 sessions for ...
2026-01-17 16:04:40.898 [info] Getting sessions for read:user,repo,user:email,workflow...
2026-01-17 16:04:40.898 [info] Got 0 sessions for read:user,repo,user:email,workflow...
2026-01-17 16:04:40.935 [info] Getting sessions for user:email...
2026-01-17 16:04:40.935 [info] Got 1 sessions for user:email...
2026-01-17 16:04:40.935 [info] Getting sessions for read:user,repo,user:email,workflow...
2026-01-17 16:04:40.935 [info] Got 0 sessions for read:user,repo,user:email,workflow...
2026-01-17 16:04:41.009 [info] Getting sessions for all scopes...
2026-01-17 16:04:41.009 [info] Got 1 sessions for ...
2026-01-17 16:04:41.012 [info] Getting sessions for all scopes...
2026-01-17 16:04:41.012 [info] Got 1 sessions for ...
2026-01-17 16:04:41.012 [info] Getting sessions for all scopes...
2026-01-17 16:04:41.012 [info] Got 1 sessions for ...
2026-01-17 16:04:41.012 [info] Getting sessions for all scopes...
2026-01-17 16:04:41.012 [info] Got 1 sessions for ...
2026-01-17 16:04:41.015 [info] Getting sessions for read:user,repo,user:email,workflow...
2026-01-17 16:04:41.015 [info] Got 0 sessions for read:user,repo,user:email,workflow...
2026-01-17 16:04:41.016 [info] Getting sessions for user:email...
2026-01-17 16:04:41.016 [info] Got 1 sessions for user:email...
2026-01-17 16:04:41.016 [info] Getting sessions for read:user,repo,user:email,workflow...
2026-01-17 16:04:41.016 [info] Got 0 sessions for read:user,repo,user:email,workflow...
2026-01-17 16:04:41.018 [info] Getting sessions for all scopes...
2026-01-17 16:04:41.018 [info] Got 1 sessions for ...
2026-01-17 16:04:41.019 [info] Getting sessions for read:user,repo,user:email,workflow...
2026-01-17 16:04:41.019 [info] Got 0 sessions for read:user,repo,user:email,workflow...
2026-01-17 16:04:41.023 [info] Getting sessions for user:email...
2026-01-17 16:04:41.023 [info] Got 1 sessions for user:email...
2026-01-17 16:04:41.384 [info] FetcherService: Electron fetch failed with status: 429 
2026-01-17 16:04:41.385 [info] Unable to resolve optional EDU details. Status: 429 
2026-01-17 16:04:41.675 [info] Getting sessions for all scopes...
2026-01-17 16:04:41.675 [info] Got 1 sessions for ...
2026-01-17 16:04:41.676 [info] Getting sessions for read:user,repo,user:email,workflow...
2026-01-17 16:04:41.676 [info] Got 0 sessions for read:user,repo,user:email,workflow...
2026-01-17 16:04:41.676 [info] Getting sessions for read:user,repo,user:email,workflow...
2026-01-17 16:04:41.676 [info] Got 0 sessions for read:user,repo,user:email,workflow...
2026-01-17 16:05:12.491 [info] Reading sessions from keychain...
2026-01-17 16:05:12.491 [info] Got stored sessions!
2026-01-17 16:05:12.491 [info] Got 1 verified sessions.
2026-01-17 16:05:12.491 [info] Getting sessions for all scopes...
2026-01-17 16:05:12.491 [info] Got 1 sessions for ...
2026-01-17 16:05:12.491 [info] Getting sessions for all scopes...
2026-01-17 16:05:12.491 [info] Got 1 sessions for ...
2026-01-17 16:05:12.491 [info] Getting sessions for all scopes...
2026-01-17 16:05:12.491 [info] Got 1 sessions for ...
2026-01-17 16:05:12.491 [info] Getting sessions for all scopes...
2026-01-17 16:05:12.491 [info] Got 1 sessions for ...
2026-01-17 16:05:12.491 [info] Getting sessions for all scopes...
2026-01-17 16:05:12.491 [info] Got 1 sessions for ...
2026-01-17 16:05:12.491 [info] Getting sessions for user:email...
2026-01-17 16:05:12.491 [info] Got 1 sessions for user:email...
2026-01-17 16:05:12.491 [info] Getting sessions for all scopes...
2026-01-17 16:05:12.491 [info] Got 1 sessions for ...
2026-01-17 16:05:12.491 [info] Getting sessions for all scopes...
2026-01-17 16:05:12.491 [info] Got 1 sessions for ...
2026-01-17 16:05:12.491 [info] Getting sessions for all scopes...
2026-01-17 16:05:12.491 [info] Got 1 sessions for ...
2026-01-17 16:05:12.491 [info] Getting sessions for all scopes...
2026-01-17 16:05:12.491 [info] Got 1 sessions for ...
2026-01-17 16:05:12.491 [info] Getting sessions for all scopes...
2026-01-17 16:05:12.491 [info] Got 1 sessions for ...
2026-01-17 16:05:12.491 [info] Getting sessions for all scopes...
2026-01-17 16:05:12.491 [info] Got 1 sessions for ...
2026-01-17 16:05:12.491 [info] Getting sessions for all scopes...
2026-01-17 16:05:12.491 [info] Got 1 sessions for ...
2026-01-17 16:05:12.491 [info] Getting sessions for all scopes...
2026-01-17 16:05:12.491 [info] Got 1 sessions for ...
2026-01-17 16:05:12.491 [info] Getting sessions for all scopes...
2026-01-17 16:05:12.491 [info] Got 1 sessions for ...
2026-01-17 16:05:12.491 [info] Getting sessions for all scopes...
2026-01-17 16:05:12.491 [info] Got 1 sessions for ...
2026-01-17 16:05:12.491 [info] Getting sessions for all scopes...
2026-01-17 16:05:12.491 [info] Got 1 sessions for ...
2026-01-17 16:05:12.491 [info] Getting sessions for all scopes...
2026-01-17 16:05:12.491 [info] Got 1 sessions for ...
2026-01-17 16:05:12.491 [info] Getting sessions for all scopes...
2026-01-17 16:05:12.491 [info] Got 1 sessions for ...
2026-01-17 16:05:12.504 [info] Getting sessions for all scopes...
2026-01-17 16:05:12.504 [info] Got 1 sessions for ...
2026-01-17 16:05:12.547 [info] Getting sessions for read:user,repo,user:email,workflow...
2026-01-17 16:05:12.547 [info] Got 0 sessions for read:user,repo,user:email,workflow...
2026-01-17 16:05:12.576 [info] Getting sessions for user:email...
2026-01-17 16:05:12.576 [info] Got 1 sessions for user:email...
2026-01-17 16:05:12.576 [info] Getting sessions for read:user,repo,user:email,workflow...
2026-01-17 16:05:12.576 [info] Got 0 sessions for read:user,repo,user:email,workflow...
2026-01-17 16:05:12.602 [info] Getting sessions for user:email...
2026-01-17 16:05:12.602 [info] Got 1 sessions for user:email...
2026-01-17 16:05:12.607 [info] Getting sessions for all scopes...
2026-01-17 16:05:12.607 [info] Got 1 sessions for ...
2026-01-17 16:05:12.607 [info] Getting sessions for read:user,repo,user:email,workflow...
2026-01-17 16:05:12.607 [info] Got 0 sessions for read:user,repo,user:email,workflow...
2026-01-17 16:05:12.608 [info] Getting sessions for user:email...
2026-01-17 16:05:12.608 [info] Got 1 sessions for user:email...
2026-01-17 16:05:12.699 [info] Getting sessions for all scopes...
2026-01-17 16:05:12.699 [info] Got 1 sessions for ...
2026-01-17 16:05:12.699 [info] Getting sessions for all scopes...
2026-01-17 16:05:12.699 [info] Got 1 sessions for ...
2026-01-17 16:05:12.702 [info] Getting sessions for read:user,repo,user:email,workflow...
2026-01-17 16:05:12.702 [info] Got 0 sessions for read:user,repo,user:email,workflow...
2026-01-17 16:05:12.703 [info] Getting sessions for user:email...
2026-01-17 16:05:12.703 [info] Got 1 sessions for user:email...
2026-01-17 16:05:12.703 [info] Getting sessions for read:user,repo,user:email,workflow...
2026-01-17 16:05:12.704 [info] Got 0 sessions for read:user,repo,user:email,workflow...
2026-01-17 16:05:14.563 [info] Getting sessions for read:user,repo,user:email...
2026-01-17 16:05:14.563 [info] Got 0 sessions for read:user,repo,user:email...
2026-01-17 16:05:14.563 [info] Getting sessions for all scopes...
2026-01-17 16:05:14.563 [info] Got 1 sessions for ...
2026-01-17 16:05:14.563 [info] Getting sessions for all scopes...
2026-01-17 16:05:14.563 [info] Got 1 sessions for ...
2026-01-17 16:05:14.648 [info] Getting sessions for read:user,repo,user:email,workflow...
2026-01-17 16:05:14.648 [info] Got 0 sessions for read:user,repo,user:email,workflow...
2026-01-17 16:05:14.686 [info] Getting sessions for user:email...
2026-01-17 16:05:14.686 [info] Got 1 sessions for user:email...
2026-01-17 16:05:14.686 [info] Getting sessions for read:user,repo,user:email,workflow...
2026-01-17 16:05:14.686 [info] Got 0 sessions for read:user,repo,user:email,workflow...
2026-01-17 16:05:14.771 [info] Getting sessions for all scopes...
2026-01-17 16:05:14.771 [info] Got 1 sessions for ...
2026-01-17 16:05:14.779 [info] Getting sessions for all scopes...
2026-01-17 16:05:14.779 [info] Got 1 sessions for ...
2026-01-17 16:05:14.779 [info] Getting sessions for all scopes...
2026-01-17 16:05:14.779 [info] Got 1 sessions for ...
2026-01-17 16:05:14.787 [info] Getting sessions for all scopes...
2026-01-17 16:05:14.788 [info] Got 1 sessions for ...
2026-01-17 16:05:14.795 [info] Getting sessions for read:user,repo,user:email,workflow...
2026-01-17 16:05:14.795 [info] Got 0 sessions for read:user,repo,user:email,workflow...
2026-01-17 16:05:14.796 [info] Getting sessions for user:email...
2026-01-17 16:05:14.796 [info] Got 1 sessions for user:email...
2026-01-17 16:05:14.796 [info] Getting sessions for read:user,repo,user:email,workflow...
2026-01-17 16:05:14.796 [info] Got 0 sessions for read:user,repo,user:email,workflow...
2026-01-17 16:05:14.798 [info] Getting sessions for all scopes...
2026-01-17 16:05:14.798 [info] Got 1 sessions for ...
2026-01-17 16:05:14.802 [info] Getting sessions for read:user,repo,user:email,workflow...
2026-01-17 16:05:14.802 [info] Got 0 sessions for read:user,repo,user:email,workflow...
2026-01-17 16:05:14.803 [info] Getting sessions for user:email...
2026-01-17 16:05:14.803 [info] Got 1 sessions for user:email...
2026-01-17 16:05:15.072 [info] FetcherService: Electron fetch failed with status: 429 
2026-01-17 16:05:15.074 [info] Unable to resolve optional EDU details. Status: 429 
2026-01-17 16:05:41.306 [info] Getting sessions for all scopes...
2026-01-17 16:05:41.306 [info] Got 1 sessions for ...
2026-01-17 16:05:41.308 [info] Getting sessions for all scopes...
2026-01-17 16:05:41.308 [info] Got 1 sessions for ...
