2026-01-17 16:04:39.055 [info] [aebc6443-996d-45c2-90f0-388ff96faa56] Native Broker enabled: false
2026-01-17 16:04:39.055 [info] [getSessions] [all] starting
2026-01-17 16:04:39.055 [info] [getSessions] [all] returned 0 session(s)
2026-01-17 16:04:39.055 [info] [getSessions] [all] starting
2026-01-17 16:04:39.055 [info] [getSessions] [all] returned 0 session(s)
2026-01-17 16:04:39.055 [info] [getSessions] [all] starting
2026-01-17 16:04:39.055 [info] [getSessions] [all] returned 0 session(s)
2026-01-17 16:04:39.055 [info] [getSessions] [499b84ac-1321-427f-aa17-267ca6975798/.default offline_access] starting
2026-01-17 16:04:39.055 [info] [aebc6443-996d-45c2-90f0-388ff96faa56] Native Broker enabled: false
2026-01-17 16:04:39.055 [info] [getSessions] [499b84ac-1321-427f-aa17-267ca6975798/.default offline_access] returned 0 session(s)
2026-01-17 16:04:40.639 [info] [getSessions] [all] starting
2026-01-17 16:04:40.639 [info] [getSessions] [all] returned 0 session(s)
2026-01-17 16:04:40.854 [info] [getSessions] [499b84ac-1321-427f-aa17-267ca6975798/.default offline_access] starting
2026-01-17 16:04:40.854 [info] [getSessions] [499b84ac-1321-427f-aa17-267ca6975798/.default offline_access] returned 0 session(s)
2026-01-17 16:05:08.972 [info] Microsoft Authentication is deactivating...
2026-01-17 16:05:12.577 [info] [aebc6443-996d-45c2-90f0-388ff96faa56] Native Broker enabled: false
2026-01-17 16:05:12.602 [info] [getSessions] [all] starting
2026-01-17 16:05:12.602 [info] [getSessions] [all] returned 0 session(s)
2026-01-17 16:05:12.602 [info] [getSessions] [all] starting
2026-01-17 16:05:12.602 [info] [getSessions] [all] returned 0 session(s)
2026-01-17 16:05:12.602 [info] [getSessions] [all] starting
2026-01-17 16:05:12.602 [info] [getSessions] [all] returned 0 session(s)
2026-01-17 16:05:12.603 [info] [getSessions] [499b84ac-1321-427f-aa17-267ca6975798/.default offline_access] starting
2026-01-17 16:05:12.603 [info] [aebc6443-996d-45c2-90f0-388ff96faa56] Native Broker enabled: false
2026-01-17 16:05:12.605 [info] [getSessions] [499b84ac-1321-427f-aa17-267ca6975798/.default offline_access] returned 0 session(s)
2026-01-17 16:05:14.564 [info] [getSessions] [499b84ac-1321-427f-aa17-267ca6975798/.default offline_access] starting
2026-01-17 16:05:14.564 [info] [getSessions] [499b84ac-1321-427f-aa17-267ca6975798/.default offline_access] returned 0 session(s)
2026-01-17 16:10:35.319 [info] Microsoft Authentication is deactivating...
