2026-01-17 16:09:08.983 [info] Reading sessions from keychain...
2026-01-17 16:09:08.983 [info] Got stored sessions!
2026-01-17 16:09:08.983 [info] Got 1 verified sessions.
2026-01-17 16:09:08.983 [info] Getting sessions for all scopes...
2026-01-17 16:09:08.983 [info] Got 1 sessions for ...
2026-01-17 16:09:08.983 [info] Getting sessions for all scopes...
2026-01-17 16:09:08.983 [info] Got 1 sessions for ...
2026-01-17 16:09:08.983 [info] Getting sessions for all scopes...
2026-01-17 16:09:08.983 [info] Got 1 sessions for ...
2026-01-17 16:09:08.983 [info] Getting sessions for all scopes...
2026-01-17 16:09:08.983 [info] Got 1 sessions for ...
2026-01-17 16:09:08.983 [info] Getting sessions for all scopes...
2026-01-17 16:09:08.983 [info] Got 1 sessions for ...
2026-01-17 16:09:08.983 [info] Getting sessions for user:email...
2026-01-17 16:09:08.983 [info] Got 1 sessions for user:email...
2026-01-17 16:09:08.983 [info] Getting sessions for all scopes...
2026-01-17 16:09:08.983 [info] Got 1 sessions for ...
2026-01-17 16:09:08.983 [info] Getting sessions for all scopes...
2026-01-17 16:09:08.983 [info] Got 1 sessions for ...
2026-01-17 16:09:08.983 [info] Getting sessions for all scopes...
2026-01-17 16:09:08.983 [info] Got 1 sessions for ...
2026-01-17 16:09:08.983 [info] Getting sessions for all scopes...
2026-01-17 16:09:08.983 [info] Got 1 sessions for ...
2026-01-17 16:09:08.983 [info] Getting sessions for all scopes...
2026-01-17 16:09:08.983 [info] Got 1 sessions for ...
2026-01-17 16:09:08.983 [info] Getting sessions for all scopes...
2026-01-17 16:09:08.983 [info] Got 1 sessions for ...
2026-01-17 16:09:08.983 [info] Getting sessions for all scopes...
2026-01-17 16:09:08.983 [info] Got 1 sessions for ...
2026-01-17 16:09:08.983 [info] Getting sessions for all scopes...
2026-01-17 16:09:08.983 [info] Got 1 sessions for ...
2026-01-17 16:09:08.983 [info] Getting sessions for all scopes...
2026-01-17 16:09:08.983 [info] Got 1 sessions for ...
2026-01-17 16:09:08.983 [info] Getting sessions for all scopes...
2026-01-17 16:09:08.983 [info] Got 1 sessions for ...
2026-01-17 16:09:08.983 [info] Getting sessions for all scopes...
2026-01-17 16:09:08.983 [info] Got 1 sessions for ...
2026-01-17 16:09:08.983 [info] Getting sessions for all scopes...
2026-01-17 16:09:08.983 [info] Got 1 sessions for ...
2026-01-17 16:09:08.983 [info] Getting sessions for all scopes...
2026-01-17 16:09:08.983 [info] Got 1 sessions for ...
2026-01-17 16:09:08.983 [info] Getting sessions for read:user,repo,user:email,workflow...
2026-01-17 16:09:08.983 [info] Got 0 sessions for read:user,repo,user:email,workflow...
2026-01-17 16:09:08.992 [info] Getting sessions for user:email...
2026-01-17 16:09:08.992 [info] Got 1 sessions for user:email...
2026-01-17 16:09:08.992 [info] Getting sessions for read:user,repo,user:email,workflow...
2026-01-17 16:09:08.992 [info] Got 0 sessions for read:user,repo,user:email,workflow...
2026-01-17 16:09:08.997 [info] Getting sessions for user:email...
2026-01-17 16:09:08.997 [info] Got 1 sessions for user:email...
2026-01-17 16:09:09.003 [info] Getting sessions for all scopes...
2026-01-17 16:09:09.003 [info] Got 1 sessions for ...
2026-01-17 16:09:09.022 [info] Getting sessions for read:user,repo,user:email,workflow...
2026-01-17 16:09:09.022 [info] Got 0 sessions for read:user,repo,user:email,workflow...
2026-01-17 16:09:09.024 [info] Getting sessions for user:email...
2026-01-17 16:09:09.024 [info] Got 1 sessions for user:email...
2026-01-17 16:09:09.135 [info] Getting sessions for all scopes...
2026-01-17 16:09:09.135 [info] Got 1 sessions for ...
2026-01-17 16:09:09.135 [info] Getting sessions for all scopes...
2026-01-17 16:09:09.135 [info] Got 1 sessions for ...
2026-01-17 16:09:09.139 [info] Getting sessions for read:user,repo,user:email,workflow...
2026-01-17 16:09:09.139 [info] Got 0 sessions for read:user,repo,user:email,workflow...
2026-01-17 16:09:10.242 [info] Getting sessions for user:email...
2026-01-17 16:09:10.242 [info] Got 1 sessions for user:email...
2026-01-17 16:09:10.242 [info] Getting sessions for read:user,repo,user:email,workflow...
2026-01-17 16:09:10.242 [info] Got 0 sessions for read:user,repo,user:email,workflow...
2026-01-17 16:09:10.283 [info] Getting sessions for all scopes...
2026-01-17 16:09:10.283 [info] Got 1 sessions for ...
2026-01-17 16:09:10.443 [info] Getting sessions for read:user,repo,user:email...
2026-01-17 16:09:10.443 [info] Got 0 sessions for read:user,repo,user:email...
2026-01-17 16:09:10.447 [info] Getting sessions for all scopes...
2026-01-17 16:09:10.448 [info] Got 1 sessions for ...
2026-01-17 16:09:10.448 [info] Getting sessions for all scopes...
2026-01-17 16:09:10.448 [info] Got 1 sessions for ...
2026-01-17 16:09:10.501 [info] Getting sessions for read:user,repo,user:email,workflow...
2026-01-17 16:09:10.501 [info] Got 0 sessions for read:user,repo,user:email,workflow...
2026-01-17 16:09:10.527 [info] Getting sessions for user:email...
2026-01-17 16:09:10.527 [info] Got 1 sessions for user:email...
2026-01-17 16:09:10.528 [info] Getting sessions for read:user,repo,user:email,workflow...
2026-01-17 16:09:10.528 [info] Got 0 sessions for read:user,repo,user:email,workflow...
2026-01-17 16:09:11.030 [info] Getting sessions for all scopes...
2026-01-17 16:09:11.030 [info] Got 1 sessions for ...
2026-01-17 16:09:11.031 [info] Getting sessions for all scopes...
2026-01-17 16:09:11.031 [info] Got 1 sessions for ...
2026-01-17 16:09:11.031 [info] Getting sessions for all scopes...
2026-01-17 16:09:11.031 [info] Got 1 sessions for ...
2026-01-17 16:09:11.062 [info] Getting sessions for all scopes...
2026-01-17 16:09:11.062 [info] Got 1 sessions for ...
2026-01-17 16:09:11.081 [info] Getting sessions for read:user,repo,user:email,workflow...
2026-01-17 16:09:11.081 [info] Got 0 sessions for read:user,repo,user:email,workflow...
2026-01-17 16:09:11.083 [info] Getting sessions for user:email...
2026-01-17 16:09:11.083 [info] Got 1 sessions for user:email...
2026-01-17 16:09:11.094 [info] Getting sessions for read:user,repo,user:email,workflow...
2026-01-17 16:09:11.094 [info] Got 0 sessions for read:user,repo,user:email,workflow...
2026-01-17 16:09:11.107 [info] Getting sessions for all scopes...
2026-01-17 16:09:11.107 [info] Got 1 sessions for ...
2026-01-17 16:09:11.113 [info] Getting sessions for read:user,repo,user:email,workflow...
2026-01-17 16:09:11.113 [info] Got 0 sessions for read:user,repo,user:email,workflow...
2026-01-17 16:09:11.115 [info] Getting sessions for user:email...
2026-01-17 16:09:11.115 [info] Got 1 sessions for user:email...
2026-01-17 16:09:11.195 [info] FetcherService: Electron fetch failed with status: 429 
2026-01-17 16:09:11.198 [info] Unable to resolve optional EDU details. Status: 429 
2026-01-17 16:09:11.414 [info] Getting sessions for all scopes...
2026-01-17 16:09:11.414 [info] Got 1 sessions for ...
2026-01-17 16:09:11.415 [info] Getting sessions for read:user,repo,user:email,workflow...
2026-01-17 16:09:11.415 [info] Got 0 sessions for read:user,repo,user:email,workflow...
2026-01-17 16:09:11.416 [info] Getting sessions for read:user,repo,user:email,workflow...
2026-01-17 16:09:11.416 [info] Got 0 sessions for read:user,repo,user:email,workflow...
2026-01-17 16:09:22.641 [info] Reading sessions from keychain...
2026-01-17 16:09:22.641 [info] Getting sessions for all scopes...
2026-01-17 16:09:22.641 [info] Got stored sessions!
2026-01-17 16:09:22.641 [info] Got 1 verified sessions.
2026-01-17 16:09:22.641 [info] Got 1 sessions for ...
2026-01-17 16:09:22.641 [info] Getting sessions for all scopes...
2026-01-17 16:09:22.641 [info] Got 1 sessions for ...
2026-01-17 16:09:22.641 [info] Getting sessions for all scopes...
2026-01-17 16:09:22.641 [info] Got 1 sessions for ...
2026-01-17 16:09:22.641 [info] Getting sessions for all scopes...
2026-01-17 16:09:22.641 [info] Got 1 sessions for ...
2026-01-17 16:09:22.641 [info] Getting sessions for all scopes...
2026-01-17 16:09:22.641 [info] Got 1 sessions for ...
2026-01-17 16:09:22.641 [info] Getting sessions for user:email...
2026-01-17 16:09:22.641 [info] Got 1 sessions for user:email...
2026-01-17 16:09:22.641 [info] Getting sessions for all scopes...
2026-01-17 16:09:22.641 [info] Got 1 sessions for ...
2026-01-17 16:09:22.641 [info] Getting sessions for all scopes...
2026-01-17 16:09:22.641 [info] Got 1 sessions for ...
2026-01-17 16:09:22.641 [info] Getting sessions for all scopes...
2026-01-17 16:09:22.641 [info] Got 1 sessions for ...
2026-01-17 16:09:22.641 [info] Getting sessions for all scopes...
2026-01-17 16:09:22.641 [info] Got 1 sessions for ...
2026-01-17 16:09:22.641 [info] Getting sessions for all scopes...
2026-01-17 16:09:22.641 [info] Got 1 sessions for ...
2026-01-17 16:09:22.641 [info] Getting sessions for all scopes...
2026-01-17 16:09:22.641 [info] Got 1 sessions for ...
2026-01-17 16:09:22.641 [info] Getting sessions for all scopes...
2026-01-17 16:09:22.641 [info] Got 1 sessions for ...
2026-01-17 16:09:22.641 [info] Getting sessions for all scopes...
2026-01-17 16:09:22.641 [info] Got 1 sessions for ...
2026-01-17 16:09:22.641 [info] Getting sessions for all scopes...
2026-01-17 16:09:22.641 [info] Got 1 sessions for ...
2026-01-17 16:09:22.641 [info] Getting sessions for all scopes...
2026-01-17 16:09:22.641 [info] Got 1 sessions for ...
2026-01-17 16:09:22.641 [info] Getting sessions for all scopes...
2026-01-17 16:09:22.641 [info] Got 1 sessions for ...
2026-01-17 16:09:22.641 [info] Getting sessions for all scopes...
2026-01-17 16:09:22.641 [info] Got 1 sessions for ...
2026-01-17 16:09:22.641 [info] Getting sessions for all scopes...
2026-01-17 16:09:22.641 [info] Got 1 sessions for ...
2026-01-17 16:09:22.736 [info] Getting sessions for all scopes...
2026-01-17 16:09:22.736 [info] Got 1 sessions for ...
2026-01-17 16:09:22.750 [info] Getting sessions for read:user,repo,user:email,workflow...
2026-01-17 16:09:22.750 [info] Got 0 sessions for read:user,repo,user:email,workflow...
2026-01-17 16:09:24.180 [info] Getting sessions for user:email...
2026-01-17 16:09:24.180 [info] Got 1 sessions for user:email...
2026-01-17 16:09:24.181 [info] Getting sessions for read:user,repo,user:email,workflow...
2026-01-17 16:09:24.181 [info] Got 0 sessions for read:user,repo,user:email,workflow...
2026-01-17 16:09:24.181 [info] Getting sessions for all scopes...
2026-01-17 16:09:24.181 [info] Got 1 sessions for ...
2026-01-17 16:09:24.266 [info] Getting sessions for read:user,repo,user:email...
2026-01-17 16:09:24.266 [info] Got 0 sessions for read:user,repo,user:email...
2026-01-17 16:09:24.275 [info] Getting sessions for user:email...
2026-01-17 16:09:24.275 [info] Got 1 sessions for user:email...
2026-01-17 16:09:24.297 [info] Getting sessions for read:user,repo,user:email,workflow...
2026-01-17 16:09:24.297 [info] Got 0 sessions for read:user,repo,user:email,workflow...
2026-01-17 16:09:24.407 [info] Getting sessions for user:email...
2026-01-17 16:09:24.407 [info] Got 1 sessions for user:email...
2026-01-17 16:09:24.612 [info] FetcherService: Electron fetch failed with status: 429 
2026-01-17 16:09:24.614 [info] Unable to resolve optional EDU details. Status: 429 
2026-01-17 16:09:24.937 [info] Getting sessions for all scopes...
2026-01-17 16:09:24.937 [info] Got 1 sessions for ...
2026-01-17 16:09:24.937 [info] Getting sessions for all scopes...
2026-01-17 16:09:24.937 [info] Got 1 sessions for ...
2026-01-17 16:09:24.947 [info] Getting sessions for read:user,repo,user:email,workflow...
2026-01-17 16:09:24.947 [info] Got 0 sessions for read:user,repo,user:email,workflow...
2026-01-17 16:09:24.948 [info] Getting sessions for user:email...
2026-01-17 16:09:24.948 [info] Got 1 sessions for user:email...
2026-01-17 16:09:24.948 [info] Getting sessions for read:user,repo,user:email,workflow...
2026-01-17 16:09:24.948 [info] Got 0 sessions for read:user,repo,user:email,workflow...
2026-01-17 16:09:25.045 [info] Getting sessions for all scopes...
2026-01-17 16:09:25.045 [info] Got 1 sessions for ...
2026-01-17 16:09:25.062 [info] Getting sessions for all scopes...
2026-01-17 16:09:25.062 [info] Got 1 sessions for ...
2026-01-17 16:09:25.062 [info] Getting sessions for all scopes...
2026-01-17 16:09:25.062 [info] Got 1 sessions for ...
2026-01-17 16:09:25.062 [info] Getting sessions for all scopes...
2026-01-17 16:09:25.062 [info] Got 1 sessions for ...
2026-01-17 16:09:25.071 [info] Getting sessions for read:user,repo,user:email,workflow...
2026-01-17 16:09:25.071 [info] Got 0 sessions for read:user,repo,user:email,workflow...
2026-01-17 16:09:25.072 [info] Getting sessions for user:email...
2026-01-17 16:09:25.072 [info] Got 1 sessions for user:email...
2026-01-17 16:09:25.072 [info] Getting sessions for read:user,repo,user:email,workflow...
2026-01-17 16:09:25.072 [info] Got 0 sessions for read:user,repo,user:email,workflow...
2026-01-17 16:09:25.074 [info] Getting sessions for all scopes...
2026-01-17 16:09:25.074 [info] Got 1 sessions for ...
2026-01-17 16:09:25.075 [info] Getting sessions for read:user,repo,user:email,workflow...
2026-01-17 16:09:25.075 [info] Got 0 sessions for read:user,repo,user:email,workflow...
2026-01-17 16:09:25.076 [info] Getting sessions for user:email...
2026-01-17 16:09:25.076 [info] Got 1 sessions for user:email...
