[17/01/2026 15:35:14 - DEBUG] Registered instance 190ca40b-c5b4-47f4-adfe-9392474702051768638912272-1768638914992-oxmv3x
[17/01/2026 15:35:15 - INFO] Discord Presence activated
[17/01/2026 15:35:15 - INFO] Creating discord-rpc client
[17/01/2026 15:35:15 - ERROR] Encountered the following error while trying to login:
Error: Could not connect
[17/01/2026 15:35:44 - DEBUG] Registered instance 190ca40b-c5b4-47f4-adfe-9392474702051768638912272-1768638914992-oxmv3x
[17/01/2026 15:36:14 - DEBUG] Registered instance 190ca40b-c5b4-47f4-adfe-9392474702051768638912272-1768638914992-oxmv3x
[17/01/2026 15:36:44 - DEBUG] Registered instance 190ca40b-c5b4-47f4-adfe-9392474702051768638912272-1768638914992-oxmv3x
[17/01/2026 15:37:14 - DEBUG] Registered instance 190ca40b-c5b4-47f4-adfe-9392474702051768638912272-1768638914992-oxmv3x
[17/01/2026 15:37:44 - DEBUG] Registered instance 190ca40b-c5b4-47f4-adfe-9392474702051768638912272-1768638914992-oxmv3x
[17/01/2026 15:38:14 - DEBUG] Registered instance 190ca40b-c5b4-47f4-adfe-9392474702051768638912272-1768638914992-oxmv3x
[17/01/2026 15:38:44 - DEBUG] Registered instance 190ca40b-c5b4-47f4-adfe-9392474702051768638912272-1768638914992-oxmv3x
[17/01/2026 15:39:14 - DEBUG] Registered instance 190ca40b-c5b4-47f4-adfe-9392474702051768638912272-1768638914992-oxmv3x
[17/01/2026 15:39:44 - DEBUG] Registered instance 190ca40b-c5b4-47f4-adfe-9392474702051768638912272-1768638914992-oxmv3x
[17/01/2026 15:40:14 - DEBUG] Registered instance 190ca40b-c5b4-47f4-adfe-9392474702051768638912272-1768638914992-oxmv3x
[17/01/2026 15:40:45 - DEBUG] Registered instance 190ca40b-c5b4-47f4-adfe-9392474702051768638912272-1768638914992-oxmv3x
[17/01/2026 15:41:15 - DEBUG] Registered instance 190ca40b-c5b4-47f4-adfe-9392474702051768638912272-1768638914992-oxmv3x
[17/01/2026 15:41:44 - DEBUG] Registered instance 190ca40b-c5b4-47f4-adfe-9392474702051768638912272-1768638914992-oxmv3x
[17/01/2026 15:42:15 - DEBUG] Registered instance 190ca40b-c5b4-47f4-adfe-9392474702051768638912272-1768638914992-oxmv3x
[17/01/2026 15:42:45 - DEBUG] Registered instance 190ca40b-c5b4-47f4-adfe-9392474702051768638912272-1768638914992-oxmv3x
[17/01/2026 15:43:15 - DEBUG] Registered instance 190ca40b-c5b4-47f4-adfe-9392474702051768638912272-1768638914992-oxmv3x
[17/01/2026 15:43:45 - DEBUG] Registered instance 190ca40b-c5b4-47f4-adfe-9392474702051768638912272-1768638914992-oxmv3x
[17/01/2026 15:44:15 - DEBUG] Cleaned up stale instance file: 70cdec7a-335b-4ac2-b1cd-53d3e23647621768639349184-1768639351536-uu0hd1.json
[17/01/2026 15:44:15 - DEBUG] Registered instance 190ca40b-c5b4-47f4-adfe-9392474702051768638912272-1768638914992-oxmv3x
[17/01/2026 15:44:45 - DEBUG] Registered instance 190ca40b-c5b4-47f4-adfe-9392474702051768638912272-1768638914992-oxmv3x
[17/01/2026 15:45:15 - DEBUG] Registered instance 190ca40b-c5b4-47f4-adfe-9392474702051768638912272-1768638914992-oxmv3x
[17/01/2026 15:45:45 - DEBUG] Registered instance 190ca40b-c5b4-47f4-adfe-9392474702051768638912272-1768638914992-oxmv3x
[17/01/2026 15:46:15 - DEBUG] Registered instance 190ca40b-c5b4-47f4-adfe-9392474702051768638912272-1768638914992-oxmv3x
[17/01/2026 15:46:45 - DEBUG] Registered instance 190ca40b-c5b4-47f4-adfe-9392474702051768638912272-1768638914992-oxmv3x
[17/01/2026 15:47:15 - DEBUG] Registered instance 190ca40b-c5b4-47f4-adfe-9392474702051768638912272-1768638914992-oxmv3x
