2026-01-17 21:25:46.684 [info] Reading sessions from keychain...
2026-01-17 21:25:46.684 [info] Got stored sessions!
2026-01-17 21:25:46.684 [info] Got 1 verified sessions.
2026-01-17 21:25:46.684 [info] Getting sessions for all scopes...
2026-01-17 21:25:46.684 [info] Got 1 sessions for ...
2026-01-17 21:25:46.684 [info] Getting sessions for all scopes...
2026-01-17 21:25:46.684 [info] Got 1 sessions for ...
2026-01-17 21:25:46.684 [info] Getting sessions for all scopes...
2026-01-17 21:25:46.684 [info] Got 1 sessions for ...
2026-01-17 21:25:46.684 [info] Getting sessions for all scopes...
2026-01-17 21:25:46.684 [info] Got 1 sessions for ...
2026-01-17 21:25:46.684 [info] Getting sessions for all scopes...
2026-01-17 21:25:46.684 [info] Got 1 sessions for ...
2026-01-17 21:25:46.684 [info] Getting sessions for user:email...
2026-01-17 21:25:46.684 [info] Got 1 sessions for user:email...
2026-01-17 21:25:46.684 [info] Getting sessions for all scopes...
2026-01-17 21:25:46.684 [info] Got 1 sessions for ...
2026-01-17 21:25:46.684 [info] Getting sessions for all scopes...
2026-01-17 21:25:46.684 [info] Got 1 sessions for ...
2026-01-17 21:25:46.684 [info] Getting sessions for all scopes...
2026-01-17 21:25:46.684 [info] Got 1 sessions for ...
2026-01-17 21:25:46.684 [info] Getting sessions for all scopes...
2026-01-17 21:25:46.684 [info] Got 1 sessions for ...
2026-01-17 21:25:46.684 [info] Getting sessions for all scopes...
2026-01-17 21:25:46.684 [info] Got 1 sessions for ...
2026-01-17 21:25:46.684 [info] Getting sessions for all scopes...
2026-01-17 21:25:46.684 [info] Got 1 sessions for ...
2026-01-17 21:25:46.684 [info] Getting sessions for all scopes...
2026-01-17 21:25:46.684 [info] Got 1 sessions for ...
2026-01-17 21:25:46.684 [info] Getting sessions for all scopes...
2026-01-17 21:25:46.684 [info] Got 1 sessions for ...
2026-01-17 21:25:46.684 [info] Getting sessions for all scopes...
2026-01-17 21:25:46.684 [info] Got 1 sessions for ...
2026-01-17 21:25:46.685 [info] Getting sessions for all scopes...
2026-01-17 21:25:46.685 [info] Got 1 sessions for ...
2026-01-17 21:25:46.685 [info] Getting sessions for all scopes...
2026-01-17 21:25:46.685 [info] Got 1 sessions for ...
2026-01-17 21:25:46.685 [info] Getting sessions for all scopes...
2026-01-17 21:25:46.685 [info] Got 1 sessions for ...
2026-01-17 21:25:46.685 [info] Getting sessions for all scopes...
2026-01-17 21:25:46.685 [info] Got 1 sessions for ...
2026-01-17 21:25:46.769 [info] Getting sessions for read:user,repo,user:email,workflow...
2026-01-17 21:25:46.769 [info] Got 0 sessions for read:user,repo,user:email,workflow...
2026-01-17 21:25:46.778 [info] Getting sessions for user:email...
2026-01-17 21:25:46.778 [info] Got 1 sessions for user:email...
2026-01-17 21:25:46.778 [info] Getting sessions for read:user,repo,user:email,workflow...
2026-01-17 21:25:46.778 [info] Got 0 sessions for read:user,repo,user:email,workflow...
2026-01-17 21:25:46.783 [info] Getting sessions for all scopes...
2026-01-17 21:25:46.784 [info] Got 1 sessions for ...
2026-01-17 21:25:46.800 [info] Getting sessions for user:email...
2026-01-17 21:25:46.800 [info] Got 1 sessions for user:email...
2026-01-17 21:25:46.813 [info] Getting sessions for all scopes...
2026-01-17 21:25:46.813 [info] Got 1 sessions for ...
2026-01-17 21:25:46.815 [info] Getting sessions for read:user,repo,user:email,workflow...
2026-01-17 21:25:46.815 [info] Got 0 sessions for read:user,repo,user:email,workflow...
2026-01-17 21:25:46.815 [info] Getting sessions for user:email...
2026-01-17 21:25:46.815 [info] Got 1 sessions for user:email...
2026-01-17 21:25:48.550 [info] Getting sessions for all scopes...
2026-01-17 21:25:48.550 [info] Got 1 sessions for ...
2026-01-17 21:25:48.551 [info] Getting sessions for all scopes...
2026-01-17 21:25:48.551 [info] Got 1 sessions for ...
2026-01-17 21:25:48.835 [info] Getting sessions for read:user,repo,user:email...
2026-01-17 21:25:48.835 [info] Got 0 sessions for read:user,repo,user:email...
2026-01-17 21:25:48.846 [info] Getting sessions for read:user,repo,user:email,workflow...
2026-01-17 21:25:48.846 [info] Got 0 sessions for read:user,repo,user:email,workflow...
2026-01-17 21:25:49.004 [info] Getting sessions for user:email...
2026-01-17 21:25:49.005 [info] Got 1 sessions for user:email...
2026-01-17 21:25:49.005 [info] Getting sessions for read:user,repo,user:email,workflow...
2026-01-17 21:25:49.005 [info] Got 0 sessions for read:user,repo,user:email,workflow...
2026-01-17 21:25:49.095 [info] Getting sessions for all scopes...
2026-01-17 21:25:49.095 [info] Got 1 sessions for ...
2026-01-17 21:25:49.096 [info] Getting sessions for all scopes...
2026-01-17 21:25:49.096 [info] Got 1 sessions for ...
2026-01-17 21:25:49.096 [info] Getting sessions for all scopes...
2026-01-17 21:25:49.096 [info] Got 1 sessions for ...
2026-01-17 21:25:49.107 [info] Getting sessions for all scopes...
2026-01-17 21:25:49.107 [info] Got 1 sessions for ...
2026-01-17 21:25:49.114 [info] Getting sessions for read:user,repo,user:email,workflow...
2026-01-17 21:25:49.114 [info] Got 0 sessions for read:user,repo,user:email,workflow...
2026-01-17 21:25:49.116 [info] Getting sessions for user:email...
2026-01-17 21:25:49.117 [info] Got 1 sessions for user:email...
2026-01-17 21:25:49.117 [info] Getting sessions for read:user,repo,user:email,workflow...
2026-01-17 21:25:49.117 [info] Got 0 sessions for read:user,repo,user:email,workflow...
2026-01-17 21:25:54.778 [info] Reading sessions from keychain...
2026-01-17 21:25:54.778 [info] Got stored sessions!
2026-01-17 21:25:54.778 [info] Got 1 verified sessions.
2026-01-17 21:25:54.778 [info] Getting sessions for all scopes...
2026-01-17 21:25:54.778 [info] Got 1 sessions for ...
2026-01-17 21:25:54.778 [info] Getting sessions for all scopes...
2026-01-17 21:25:54.778 [info] Got 1 sessions for ...
2026-01-17 21:25:54.778 [info] Getting sessions for all scopes...
2026-01-17 21:25:54.778 [info] Got 1 sessions for ...
2026-01-17 21:25:54.778 [info] Getting sessions for all scopes...
2026-01-17 21:25:54.778 [info] Got 1 sessions for ...
2026-01-17 21:25:54.778 [info] Getting sessions for all scopes...
2026-01-17 21:25:54.778 [info] Got 1 sessions for ...
2026-01-17 21:25:54.778 [info] Getting sessions for user:email...
2026-01-17 21:25:54.778 [info] Got 1 sessions for user:email...
2026-01-17 21:25:54.778 [info] Getting sessions for all scopes...
2026-01-17 21:25:54.778 [info] Got 1 sessions for ...
2026-01-17 21:25:54.778 [info] Getting sessions for all scopes...
2026-01-17 21:25:54.778 [info] Got 1 sessions for ...
2026-01-17 21:25:54.778 [info] Getting sessions for all scopes...
2026-01-17 21:25:54.778 [info] Got 1 sessions for ...
2026-01-17 21:25:54.778 [info] Getting sessions for all scopes...
2026-01-17 21:25:54.778 [info] Got 1 sessions for ...
2026-01-17 21:25:54.778 [info] Getting sessions for all scopes...
2026-01-17 21:25:54.778 [info] Got 1 sessions for ...
2026-01-17 21:25:54.778 [info] Getting sessions for all scopes...
2026-01-17 21:25:54.778 [info] Got 1 sessions for ...
2026-01-17 21:25:54.778 [info] Getting sessions for all scopes...
2026-01-17 21:25:54.778 [info] Got 1 sessions for ...
2026-01-17 21:25:54.778 [info] Getting sessions for all scopes...
2026-01-17 21:25:54.778 [info] Got 1 sessions for ...
2026-01-17 21:25:54.778 [info] Getting sessions for all scopes...
2026-01-17 21:25:54.778 [info] Got 1 sessions for ...
2026-01-17 21:25:54.778 [info] Getting sessions for all scopes...
2026-01-17 21:25:54.778 [info] Got 1 sessions for ...
2026-01-17 21:25:54.778 [info] Getting sessions for all scopes...
2026-01-17 21:25:54.778 [info] Got 1 sessions for ...
2026-01-17 21:25:54.778 [info] Getting sessions for all scopes...
2026-01-17 21:25:54.778 [info] Got 1 sessions for ...
2026-01-17 21:25:54.778 [info] Getting sessions for all scopes...
2026-01-17 21:25:54.778 [info] Got 1 sessions for ...
2026-01-17 21:25:54.826 [info] Getting sessions for read:user,repo,user:email,workflow...
2026-01-17 21:25:54.827 [info] Got 0 sessions for read:user,repo,user:email,workflow...
2026-01-17 21:25:54.923 [info] Getting sessions for user:email...
2026-01-17 21:25:54.923 [info] Got 1 sessions for user:email...
2026-01-17 21:25:54.923 [info] Getting sessions for read:user,repo,user:email,workflow...
2026-01-17 21:25:54.923 [info] Got 0 sessions for read:user,repo,user:email,workflow...
2026-01-17 21:25:54.962 [info] Getting sessions for user:email...
2026-01-17 21:25:54.962 [info] Got 1 sessions for user:email...
2026-01-17 21:25:54.978 [info] Getting sessions for all scopes...
2026-01-17 21:25:54.978 [info] Got 1 sessions for ...
2026-01-17 21:25:54.982 [info] Getting sessions for read:user,repo,user:email,workflow...
2026-01-17 21:25:54.982 [info] Got 0 sessions for read:user,repo,user:email,workflow...
2026-01-17 21:25:54.996 [info] Getting sessions for user:email...
2026-01-17 21:25:54.996 [info] Got 1 sessions for user:email...
2026-01-17 21:25:55.350 [info] FetcherService: Electron fetch failed with status: 429 
2026-01-17 21:25:55.352 [info] Unable to resolve optional EDU details. Status: 429 
2026-01-17 21:25:56.398 [info] Getting sessions for all scopes...
2026-01-17 21:25:56.398 [info] Got 1 sessions for ...
2026-01-17 21:25:56.398 [info] Getting sessions for all scopes...
2026-01-17 21:25:56.399 [info] Got 1 sessions for ...
2026-01-17 21:25:56.475 [info] Getting sessions for all scopes...
2026-01-17 21:25:56.475 [info] Got 1 sessions for ...
2026-01-17 21:25:56.982 [info] Getting sessions for read:user,repo,user:email...
2026-01-17 21:25:56.982 [info] Got 0 sessions for read:user,repo,user:email...
2026-01-17 21:25:56.983 [info] Getting sessions for read:user,repo,user:email,workflow...
2026-01-17 21:25:56.983 [info] Got 0 sessions for read:user,repo,user:email,workflow...
2026-01-17 21:25:57.094 [info] Getting sessions for user:email...
2026-01-17 21:25:57.094 [info] Got 1 sessions for user:email...
2026-01-17 21:25:57.094 [info] Getting sessions for read:user,repo,user:email,workflow...
2026-01-17 21:25:57.094 [info] Got 0 sessions for read:user,repo,user:email,workflow...
2026-01-17 21:25:57.228 [info] Getting sessions for all scopes...
2026-01-17 21:25:57.228 [info] Got 1 sessions for ...
2026-01-17 21:25:57.229 [info] Getting sessions for all scopes...
2026-01-17 21:25:57.229 [info] Got 1 sessions for ...
2026-01-17 21:25:57.229 [info] Getting sessions for all scopes...
2026-01-17 21:25:57.229 [info] Got 1 sessions for ...
2026-01-17 21:25:57.234 [info] Getting sessions for all scopes...
2026-01-17 21:25:57.234 [info] Got 1 sessions for ...
2026-01-17 21:25:57.242 [info] Getting sessions for read:user,repo,user:email,workflow...
2026-01-17 21:25:57.242 [info] Got 0 sessions for read:user,repo,user:email,workflow...
2026-01-17 21:25:57.255 [info] Getting sessions for user:email...
2026-01-17 21:25:57.255 [info] Got 1 sessions for user:email...
2026-01-17 21:25:57.255 [info] Getting sessions for read:user,repo,user:email,workflow...
2026-01-17 21:25:57.255 [info] Got 0 sessions for read:user,repo,user:email,workflow...
2026-01-17 21:25:57.261 [info] Getting sessions for all scopes...
2026-01-17 21:25:57.261 [info] Got 1 sessions for ...
2026-01-17 21:25:57.266 [info] Getting sessions for read:user,repo,user:email,workflow...
2026-01-17 21:25:57.266 [info] Got 0 sessions for read:user,repo,user:email,workflow...
2026-01-17 21:25:57.268 [info] Getting sessions for user:email...
2026-01-17 21:25:57.268 [info] Got 1 sessions for user:email...
2026-01-17 21:25:57.821 [info] FetcherService: Electron fetch failed with status: 429 
2026-01-17 21:25:57.823 [info] Unable to resolve optional EDU details. Status: 429 
2026-01-17 21:26:54.802 [info] Getting sessions for all scopes...
2026-01-17 21:26:54.802 [info] Got 1 sessions for ...
2026-01-17 21:26:54.803 [info] Getting sessions for read:user,repo,user:email,workflow...
2026-01-17 21:26:54.803 [info] Got 0 sessions for read:user,repo,user:email,workflow...
2026-01-17 21:26:54.804 [info] Getting sessions for user:email...
2026-01-17 21:26:54.804 [info] Got 1 sessions for user:email...
2026-01-17 21:29:40.288 [info] Getting sessions for all scopes...
2026-01-17 21:29:40.288 [info] Got 1 sessions for ...
2026-01-17 21:29:40.290 [info] Getting sessions for read:user,repo,user:email,workflow...
2026-01-17 21:29:40.290 [info] Got 0 sessions for read:user,repo,user:email,workflow...
2026-01-17 21:29:40.295 [info] Getting sessions for user:email...
2026-01-17 21:29:40.295 [info] Got 1 sessions for user:email...
2026-01-17 21:40:10.304 [info] Getting sessions for all scopes...
2026-01-17 21:40:10.304 [info] Got 1 sessions for ...
2026-01-17 21:40:10.306 [info] Getting sessions for all scopes...
2026-01-17 21:40:10.306 [info] Got 1 sessions for ...
