2026-01-17 15:42:31.950 [info] Reading sessions from keychain...
2026-01-17 15:42:31.950 [info] Got stored sessions!
2026-01-17 15:42:31.950 [info] Got 1 verified sessions.
2026-01-17 15:42:31.950 [info] Getting sessions for all scopes...
2026-01-17 15:42:31.950 [info] Got 1 sessions for ...
2026-01-17 15:42:31.950 [info] Getting sessions for all scopes...
2026-01-17 15:42:31.950 [info] Got 1 sessions for ...
2026-01-17 15:42:31.950 [info] Getting sessions for all scopes...
2026-01-17 15:42:31.951 [info] Got 1 sessions for ...
2026-01-17 15:42:31.951 [info] Getting sessions for all scopes...
2026-01-17 15:42:31.951 [info] Got 1 sessions for ...
2026-01-17 15:42:31.951 [info] Getting sessions for all scopes...
2026-01-17 15:42:31.951 [info] Got 1 sessions for ...
2026-01-17 15:42:31.951 [info] Getting sessions for user:email...
2026-01-17 15:42:31.951 [info] Got 1 sessions for user:email...
2026-01-17 15:42:31.951 [info] Getting sessions for all scopes...
2026-01-17 15:42:31.951 [info] Got 1 sessions for ...
2026-01-17 15:42:31.951 [info] Getting sessions for all scopes...
2026-01-17 15:42:31.951 [info] Got 1 sessions for ...
2026-01-17 15:42:31.951 [info] Getting sessions for all scopes...
2026-01-17 15:42:31.951 [info] Got 1 sessions for ...
2026-01-17 15:42:31.951 [info] Getting sessions for all scopes...
2026-01-17 15:42:31.951 [info] Got 1 sessions for ...
2026-01-17 15:42:31.951 [info] Getting sessions for all scopes...
2026-01-17 15:42:31.951 [info] Got 1 sessions for ...
2026-01-17 15:42:31.951 [info] Getting sessions for all scopes...
2026-01-17 15:42:31.951 [info] Got 1 sessions for ...
2026-01-17 15:42:31.951 [info] Getting sessions for all scopes...
2026-01-17 15:42:31.951 [info] Got 1 sessions for ...
2026-01-17 15:42:31.951 [info] Getting sessions for all scopes...
2026-01-17 15:42:31.951 [info] Got 1 sessions for ...
2026-01-17 15:42:31.951 [info] Getting sessions for all scopes...
2026-01-17 15:42:31.951 [info] Got 1 sessions for ...
2026-01-17 15:42:31.951 [info] Getting sessions for all scopes...
2026-01-17 15:42:31.951 [info] Got 1 sessions for ...
2026-01-17 15:42:31.951 [info] Getting sessions for all scopes...
2026-01-17 15:42:31.951 [info] Got 1 sessions for ...
2026-01-17 15:42:31.951 [info] Getting sessions for all scopes...
2026-01-17 15:42:31.951 [info] Got 1 sessions for ...
2026-01-17 15:42:31.951 [info] Getting sessions for all scopes...
2026-01-17 15:42:31.951 [info] Got 1 sessions for ...
2026-01-17 15:42:31.951 [info] Getting sessions for read:user,repo,user:email,workflow...
2026-01-17 15:42:31.951 [info] Got 0 sessions for read:user,repo,user:email,workflow...
2026-01-17 15:42:33.198 [info] Getting sessions for user:email...
2026-01-17 15:42:33.198 [info] Got 1 sessions for user:email...
2026-01-17 15:42:33.198 [info] Getting sessions for read:user,repo,user:email,workflow...
2026-01-17 15:42:33.198 [info] Got 0 sessions for read:user,repo,user:email,workflow...
2026-01-17 15:42:33.239 [info] Getting sessions for all scopes...
2026-01-17 15:42:33.239 [info] Got 1 sessions for ...
2026-01-17 15:42:33.348 [info] Getting sessions for all scopes...
2026-01-17 15:42:33.349 [info] Got 1 sessions for ...
2026-01-17 15:42:33.413 [info] Getting sessions for read:user,repo,user:email...
2026-01-17 15:42:33.413 [info] Got 0 sessions for read:user,repo,user:email...
2026-01-17 15:42:33.417 [info] Getting sessions for user:email...
2026-01-17 15:42:33.417 [info] Got 1 sessions for user:email...
2026-01-17 15:42:33.425 [info] Getting sessions for read:user,repo,user:email,workflow...
2026-01-17 15:42:33.425 [info] Got 0 sessions for read:user,repo,user:email,workflow...
2026-01-17 15:42:33.483 [info] Getting sessions for user:email...
2026-01-17 15:42:33.483 [info] Got 1 sessions for user:email...
2026-01-17 15:42:34.157 [info] FetcherService: Electron fetch failed with status: 429 
2026-01-17 15:42:34.159 [info] Unable to resolve optional EDU details. Status: 429 
2026-01-17 15:42:34.326 [info] Getting sessions for all scopes...
2026-01-17 15:42:34.326 [info] Got 1 sessions for ...
2026-01-17 15:42:34.326 [info] Getting sessions for all scopes...
2026-01-17 15:42:34.326 [info] Got 1 sessions for ...
2026-01-17 15:42:34.334 [info] Getting sessions for read:user,repo,user:email,workflow...
2026-01-17 15:42:34.334 [info] Got 0 sessions for read:user,repo,user:email,workflow...
2026-01-17 15:42:34.335 [info] Getting sessions for user:email...
2026-01-17 15:42:34.335 [info] Got 1 sessions for user:email...
2026-01-17 15:42:34.335 [info] Getting sessions for read:user,repo,user:email,workflow...
2026-01-17 15:42:34.335 [info] Got 0 sessions for read:user,repo,user:email,workflow...
2026-01-17 15:42:34.402 [info] Getting sessions for all scopes...
2026-01-17 15:42:34.402 [info] Got 1 sessions for ...
2026-01-17 15:42:34.403 [info] Getting sessions for all scopes...
2026-01-17 15:42:34.403 [info] Got 1 sessions for ...
2026-01-17 15:42:34.403 [info] Getting sessions for all scopes...
2026-01-17 15:42:34.403 [info] Got 1 sessions for ...
2026-01-17 15:42:34.404 [info] Getting sessions for all scopes...
2026-01-17 15:42:34.404 [info] Got 1 sessions for ...
2026-01-17 15:42:34.406 [info] Getting sessions for read:user,repo,user:email,workflow...
2026-01-17 15:42:34.406 [info] Got 0 sessions for read:user,repo,user:email,workflow...
2026-01-17 15:42:34.407 [info] Getting sessions for user:email...
2026-01-17 15:42:34.407 [info] Got 1 sessions for user:email...
2026-01-17 15:42:34.407 [info] Getting sessions for read:user,repo,user:email,workflow...
2026-01-17 15:42:34.407 [info] Got 0 sessions for read:user,repo,user:email,workflow...
2026-01-17 15:42:34.409 [info] Getting sessions for all scopes...
2026-01-17 15:42:34.409 [info] Got 1 sessions for ...
2026-01-17 15:42:34.410 [info] Getting sessions for read:user,repo,user:email,workflow...
2026-01-17 15:42:34.410 [info] Got 0 sessions for read:user,repo,user:email,workflow...
2026-01-17 15:42:34.411 [info] Getting sessions for user:email...
2026-01-17 15:42:34.411 [info] Got 1 sessions for user:email...
2026-01-17 15:42:35.076 [info] Getting sessions for all scopes...
2026-01-17 15:42:35.076 [info] Got 1 sessions for ...
2026-01-17 15:42:35.077 [info] Getting sessions for read:user,repo,user:email,workflow...
2026-01-17 15:42:35.077 [info] Got 0 sessions for read:user,repo,user:email,workflow...
2026-01-17 15:42:35.077 [info] Getting sessions for read:user,repo,user:email,workflow...
2026-01-17 15:42:35.078 [info] Got 0 sessions for read:user,repo,user:email,workflow...
2026-01-17 15:43:30.907 [info] Reading sessions from keychain...
2026-01-17 15:43:30.907 [info] Getting sessions for all scopes...
2026-01-17 15:43:30.907 [info] Got stored sessions!
2026-01-17 15:43:30.907 [info] Got 1 verified sessions.
2026-01-17 15:43:30.907 [info] Got 1 sessions for ...
2026-01-17 15:43:30.907 [info] Getting sessions for all scopes...
2026-01-17 15:43:30.907 [info] Got 1 sessions for ...
2026-01-17 15:43:30.907 [info] Getting sessions for all scopes...
2026-01-17 15:43:30.907 [info] Got 1 sessions for ...
2026-01-17 15:43:30.907 [info] Getting sessions for all scopes...
2026-01-17 15:43:30.907 [info] Got 1 sessions for ...
2026-01-17 15:43:30.907 [info] Getting sessions for all scopes...
2026-01-17 15:43:30.907 [info] Got 1 sessions for ...
2026-01-17 15:43:30.907 [info] Getting sessions for user:email...
2026-01-17 15:43:30.907 [info] Got 1 sessions for user:email...
2026-01-17 15:43:30.907 [info] Getting sessions for all scopes...
2026-01-17 15:43:30.907 [info] Got 1 sessions for ...
2026-01-17 15:43:30.907 [info] Getting sessions for all scopes...
2026-01-17 15:43:30.907 [info] Got 1 sessions for ...
2026-01-17 15:43:30.907 [info] Getting sessions for all scopes...
2026-01-17 15:43:30.907 [info] Got 1 sessions for ...
2026-01-17 15:43:30.907 [info] Getting sessions for all scopes...
2026-01-17 15:43:30.907 [info] Got 1 sessions for ...
2026-01-17 15:43:30.907 [info] Getting sessions for all scopes...
2026-01-17 15:43:30.907 [info] Got 1 sessions for ...
2026-01-17 15:43:30.907 [info] Getting sessions for all scopes...
2026-01-17 15:43:30.907 [info] Got 1 sessions for ...
2026-01-17 15:43:30.907 [info] Getting sessions for all scopes...
2026-01-17 15:43:30.907 [info] Got 1 sessions for ...
2026-01-17 15:43:30.907 [info] Getting sessions for all scopes...
2026-01-17 15:43:30.907 [info] Got 1 sessions for ...
2026-01-17 15:43:30.907 [info] Getting sessions for all scopes...
2026-01-17 15:43:30.907 [info] Got 1 sessions for ...
2026-01-17 15:43:30.907 [info] Getting sessions for all scopes...
2026-01-17 15:43:30.907 [info] Got 1 sessions for ...
2026-01-17 15:43:30.907 [info] Getting sessions for all scopes...
2026-01-17 15:43:30.907 [info] Got 1 sessions for ...
2026-01-17 15:43:30.907 [info] Getting sessions for all scopes...
2026-01-17 15:43:30.907 [info] Got 1 sessions for ...
2026-01-17 15:43:30.907 [info] Getting sessions for all scopes...
2026-01-17 15:43:30.907 [info] Got 1 sessions for ...
2026-01-17 15:43:32.220 [info] Getting sessions for read:user,repo,user:email,workflow...
2026-01-17 15:43:32.220 [info] Got 0 sessions for read:user,repo,user:email,workflow...
2026-01-17 15:43:32.261 [info] Getting sessions for all scopes...
2026-01-17 15:43:32.261 [info] Got 1 sessions for ...
2026-01-17 15:43:32.369 [info] Getting sessions for all scopes...
2026-01-17 15:43:32.369 [info] Got 1 sessions for ...
2026-01-17 15:43:32.496 [info] Getting sessions for read:user,repo,user:email...
2026-01-17 15:43:32.496 [info] Got 0 sessions for read:user,repo,user:email...
2026-01-17 15:43:32.497 [info] Getting sessions for user:email...
2026-01-17 15:43:32.497 [info] Got 1 sessions for user:email...
2026-01-17 15:43:32.497 [info] Getting sessions for read:user,repo,user:email,workflow...
2026-01-17 15:43:32.497 [info] Got 0 sessions for read:user,repo,user:email,workflow...
2026-01-17 15:43:32.557 [info] Getting sessions for user:email...
2026-01-17 15:43:32.557 [info] Got 1 sessions for user:email...
2026-01-17 15:43:32.561 [info] Getting sessions for user:email...
2026-01-17 15:43:32.561 [info] Got 1 sessions for user:email...
2026-01-17 15:43:32.764 [info] FetcherService: Electron fetch failed with status: 429 
2026-01-17 15:43:32.766 [info] Unable to resolve optional EDU details. Status: 429 
2026-01-17 15:43:33.389 [info] Getting sessions for all scopes...
2026-01-17 15:43:33.389 [info] Got 1 sessions for ...
2026-01-17 15:43:33.389 [info] Getting sessions for all scopes...
2026-01-17 15:43:33.389 [info] Got 1 sessions for ...
2026-01-17 15:43:33.397 [info] Getting sessions for read:user,repo,user:email,workflow...
2026-01-17 15:43:33.397 [info] Got 0 sessions for read:user,repo,user:email,workflow...
2026-01-17 15:43:33.398 [info] Getting sessions for user:email...
2026-01-17 15:43:33.398 [info] Got 1 sessions for user:email...
2026-01-17 15:43:33.398 [info] Getting sessions for read:user,repo,user:email,workflow...
2026-01-17 15:43:33.398 [info] Got 0 sessions for read:user,repo,user:email,workflow...
2026-01-17 15:43:33.484 [info] Getting sessions for all scopes...
2026-01-17 15:43:33.484 [info] Got 1 sessions for ...
2026-01-17 15:43:33.485 [info] Getting sessions for all scopes...
2026-01-17 15:43:33.485 [info] Got 1 sessions for ...
2026-01-17 15:43:33.485 [info] Getting sessions for all scopes...
2026-01-17 15:43:33.485 [info] Got 1 sessions for ...
2026-01-17 15:43:33.496 [info] Getting sessions for all scopes...
2026-01-17 15:43:33.496 [info] Got 1 sessions for ...
2026-01-17 15:43:33.498 [info] Getting sessions for read:user,repo,user:email,workflow...
2026-01-17 15:43:33.498 [info] Got 0 sessions for read:user,repo,user:email,workflow...
2026-01-17 15:43:33.500 [info] Getting sessions for user:email...
2026-01-17 15:43:33.500 [info] Got 1 sessions for user:email...
2026-01-17 15:43:33.502 [info] Getting sessions for read:user,repo,user:email,workflow...
2026-01-17 15:43:33.502 [info] Got 0 sessions for read:user,repo,user:email,workflow...
2026-01-17 15:43:33.508 [info] Getting sessions for all scopes...
2026-01-17 15:43:33.508 [info] Got 1 sessions for ...
2026-01-17 15:43:33.509 [info] Getting sessions for read:user,repo,user:email,workflow...
2026-01-17 15:43:33.509 [info] Got 0 sessions for read:user,repo,user:email,workflow...
2026-01-17 15:43:33.510 [info] Getting sessions for user:email...
2026-01-17 15:43:33.510 [info] Got 1 sessions for user:email...
