2026-01-17 15:42:31.966 [info] [main] Log level: Info
2026-01-17 15:42:31.966 [info] [main] Validating found git in: "git"
2026-01-17 15:42:31.966 [info] [main] Using git "2.52.0" from "git"
2026-01-17 15:42:31.966 [info] [Model][doInitialScan] Initial repository scan started
2026-01-17 15:42:31.966 [info] [Model][doInitialScan] Initial repository scan completed - repositories (0), closed repositories (0), parent repositories (0), unsafe repositories (0)
2026-01-17 15:42:54.957 [info] > git rev-parse --show-toplevel [4ms]
2026-01-17 15:42:54.957 [info] fatal: not a git repository (or any of the parent directories): .git
2026-01-17 15:43:32.476 [info] [main] Log level: Info
2026-01-17 15:43:32.476 [info] [main] Validating found git in: "git"
2026-01-17 15:43:32.476 [info] [main] Using git "2.52.0" from "git"
2026-01-17 15:43:32.476 [info] [Model][doInitialScan] Initial repository scan started
2026-01-17 15:43:32.476 [info] > git rev-parse --show-toplevel [1ms]
2026-01-17 15:43:32.476 [info] fatal: not a git repository (or any of the parent directories): .git
2026-01-17 15:43:32.476 [info] [Model][doInitialScan] Initial repository scan completed - repositories (0), closed repositories (0), parent repositories (0), unsafe repositories (0)
2026-01-17 15:43:32.476 [info] > git rev-parse --show-toplevel [93ms]
2026-01-17 15:43:32.476 [info] fatal: not a git repository (or any of the parent directories): .git
2026-01-17 15:43:35.990 [info] > git rev-parse --show-toplevel [4ms]
2026-01-17 15:43:35.990 [info] fatal: not a git repository (or any of the parent directories): .git
2026-01-17 15:43:41.845 [info] > git rev-parse --show-toplevel [13ms]
2026-01-17 15:43:41.845 [info] fatal: not a git repository (or any of the parent directories): .git
