[17/01/2026 16:09:22 - DEBUG] Registered instance a64462a8-1e0f-4420-8383-0c2a18a9a1e41768640959687-1768640962089-akpibm
[17/01/2026 16:09:22 - INFO] Discord Presence activated
[17/01/2026 16:09:22 - INFO] Creating discord-rpc client
[17/01/2026 16:09:22 - INFO] Successfully connected to Discord
[17/01/2026 16:09:22 - DEBUG] Loading git extension
[17/01/2026 16:09:22 - TRACE] VSCode language id: jsonc
[17/01/2026 16:09:52 - DEBUG] Registered instance a64462a8-1e0f-4420-8383-0c2a18a9a1e41768640959687-1768640962089-akpibm
[17/01/2026 16:10:22 - DEBUG] Registered instance a64462a8-1e0f-4420-8383-0c2a18a9a1e41768640959687-1768640962089-akpibm
[17/01/2026 16:10:52 - DEBUG] Registered instance a64462a8-1e0f-4420-8383-0c2a18a9a1e41768640959687-1768640962089-akpibm
[17/01/2026 16:11:22 - DEBUG] Registered instance a64462a8-1e0f-4420-8383-0c2a18a9a1e41768640959687-1768640962089-akpibm
[17/01/2026 16:11:52 - DEBUG] Registered instance a64462a8-1e0f-4420-8383-0c2a18a9a1e41768640959687-1768640962089-akpibm
[17/01/2026 16:12:22 - DEBUG] Registered instance a64462a8-1e0f-4420-8383-0c2a18a9a1e41768640959687-1768640962089-akpibm
[17/01/2026 16:12:52 - DEBUG] Registered instance a64462a8-1e0f-4420-8383-0c2a18a9a1e41768640959687-1768640962089-akpibm
[17/01/2026 16:13:22 - DEBUG] Registered instance a64462a8-1e0f-4420-8383-0c2a18a9a1e41768640959687-1768640962089-akpibm
[17/01/2026 16:13:52 - DEBUG] Registered instance a64462a8-1e0f-4420-8383-0c2a18a9a1e41768640959687-1768640962089-akpibm
[17/01/2026 16:14:22 - DEBUG] Registered instance a64462a8-1e0f-4420-8383-0c2a18a9a1e41768640959687-1768640962089-akpibm
[17/01/2026 16:14:52 - DEBUG] Registered instance a64462a8-1e0f-4420-8383-0c2a18a9a1e41768640959687-1768640962089-akpibm
[17/01/2026 16:15:22 - DEBUG] Registered instance a64462a8-1e0f-4420-8383-0c2a18a9a1e41768640959687-1768640962089-akpibm
[17/01/2026 16:15:52 - DEBUG] Registered instance a64462a8-1e0f-4420-8383-0c2a18a9a1e41768640959687-1768640962089-akpibm
[17/01/2026 16:16:22 - DEBUG] Registered instance a64462a8-1e0f-4420-8383-0c2a18a9a1e41768640959687-1768640962089-akpibm
