[17/01/2026 21:57:49 - DEBUG] Registered instance fefce976-f33a-4eb7-a847-a87193a01ab21768661866365-1768661869134-tv1yew
[17/01/2026 21:57:49 - INFO] Discord Presence activated
[17/01/2026 21:57:49 - INFO] Creating discord-rpc client
[17/01/2026 21:57:50 - INFO] Successfully connected to Discord
[17/01/2026 21:57:50 - DEBUG] Loading git extension
[17/01/2026 21:57:50 - TRACE] VSCode language id: jsonc
[17/01/2026 21:58:01 - TRACE] VSCode language id: jsonc
[17/01/2026 21:58:03 - TRACE] VSCode language id: jsonc
[17/01/2026 21:58:06 - TRACE] VSCode language id: jsonc
[17/01/2026 21:58:08 - TRACE] VSCode language id: jsonc
[17/01/2026 21:58:10 - TRACE] VSCode language id: jsonc
[17/01/2026 21:58:11 - TRACE] VSCode language id: jsonc
[17/01/2026 21:58:13 - TRACE] VSCode language id: jsonc
[17/01/2026 21:58:16 - TRACE] VSCode language id: jsonc
[17/01/2026 21:58:18 - TRACE] VSCode language id: jsonc
[17/01/2026 21:58:19 - DEBUG] Registered instance fefce976-f33a-4eb7-a847-a87193a01ab21768661866365-1768661869134-tv1yew
[17/01/2026 21:58:49 - DEBUG] Registered instance fefce976-f33a-4eb7-a847-a87193a01ab21768661866365-1768661869134-tv1yew
[17/01/2026 21:58:53 - TRACE] VSCode language id: jsonc
[17/01/2026 21:58:55 - TRACE] VSCode language id: jsonc
[17/01/2026 21:58:57 - TRACE] VSCode language id: jsonc
[17/01/2026 21:58:59 - TRACE] VSCode language id: jsonc
[17/01/2026 21:59:01 - TRACE] VSCode language id: jsonc
[17/01/2026 21:59:03 - TRACE] VSCode language id: jsonc
[17/01/2026 21:59:05 - TRACE] VSCode language id: jsonc
[17/01/2026 21:59:08 - TRACE] VSCode language id: jsonc
[17/01/2026 21:59:10 - TRACE] VSCode language id: jsonc
[17/01/2026 21:59:10 - TRACE] VSCode language id: jsonc
[17/01/2026 21:59:12 - TRACE] VSCode language id: jsonc
[17/01/2026 21:59:19 - DEBUG] Registered instance fefce976-f33a-4eb7-a847-a87193a01ab21768661866365-1768661869134-tv1yew
[17/01/2026 21:59:38 - TRACE] VSCode language id: jsonc
[17/01/2026 21:59:49 - DEBUG] Registered instance fefce976-f33a-4eb7-a847-a87193a01ab21768661866365-1768661869134-tv1yew
[17/01/2026 22:00:19 - DEBUG] Registered instance fefce976-f33a-4eb7-a847-a87193a01ab21768661866365-1768661869134-tv1yew
[17/01/2026 22:00:49 - DEBUG] Registered instance fefce976-f33a-4eb7-a847-a87193a01ab21768661866365-1768661869134-tv1yew
[17/01/2026 22:01:19 - DEBUG] Registered instance fefce976-f33a-4eb7-a847-a87193a01ab21768661866365-1768661869134-tv1yew
[17/01/2026 22:01:49 - DEBUG] Registered instance fefce976-f33a-4eb7-a847-a87193a01ab21768661866365-1768661869134-tv1yew
[17/01/2026 22:02:19 - DEBUG] Registered instance fefce976-f33a-4eb7-a847-a87193a01ab21768661866365-1768661869134-tv1yew
[17/01/2026 22:02:49 - DEBUG] Registered instance fefce976-f33a-4eb7-a847-a87193a01ab21768661866365-1768661869134-tv1yew
[17/01/2026 22:03:19 - DEBUG] Registered instance fefce976-f33a-4eb7-a847-a87193a01ab21768661866365-1768661869134-tv1yew
[17/01/2026 22:03:49 - DEBUG] Registered instance fefce976-f33a-4eb7-a847-a87193a01ab21768661866365-1768661869134-tv1yew
[17/01/2026 22:04:19 - DEBUG] Registered instance fefce976-f33a-4eb7-a847-a87193a01ab21768661866365-1768661869134-tv1yew
[17/01/2026 22:04:49 - DEBUG] Registered instance fefce976-f33a-4eb7-a847-a87193a01ab21768661866365-1768661869134-tv1yew
[17/01/2026 22:05:19 - DEBUG] Registered instance fefce976-f33a-4eb7-a847-a87193a01ab21768661866365-1768661869134-tv1yew
[17/01/2026 22:05:49 - DEBUG] Registered instance fefce976-f33a-4eb7-a847-a87193a01ab21768661866365-1768661869134-tv1yew
[17/01/2026 22:06:19 - DEBUG] Registered instance fefce976-f33a-4eb7-a847-a87193a01ab21768661866365-1768661869134-tv1yew
[17/01/2026 22:06:49 - DEBUG] Registered instance fefce976-f33a-4eb7-a847-a87193a01ab21768661866365-1768661869134-tv1yew
[17/01/2026 22:07:19 - DEBUG] Registered instance fefce976-f33a-4eb7-a847-a87193a01ab21768661866365-1768661869134-tv1yew
[17/01/2026 22:07:49 - DEBUG] Registered instance fefce976-f33a-4eb7-a847-a87193a01ab21768661866365-1768661869134-tv1yew
[17/01/2026 22:08:19 - DEBUG] Registered instance fefce976-f33a-4eb7-a847-a87193a01ab21768661866365-1768661869134-tv1yew
[17/01/2026 22:08:49 - DEBUG] Registered instance fefce976-f33a-4eb7-a847-a87193a01ab21768661866365-1768661869134-tv1yew
[17/01/2026 22:09:19 - DEBUG] Registered instance fefce976-f33a-4eb7-a847-a87193a01ab21768661866365-1768661869134-tv1yew
[17/01/2026 22:09:49 - DEBUG] Registered instance fefce976-f33a-4eb7-a847-a87193a01ab21768661866365-1768661869134-tv1yew
[17/01/2026 22:10:19 - DEBUG] Registered instance fefce976-f33a-4eb7-a847-a87193a01ab21768661866365-1768661869134-tv1yew
[17/01/2026 22:10:49 - DEBUG] Registered instance fefce976-f33a-4eb7-a847-a87193a01ab21768661866365-1768661869134-tv1yew
[17/01/2026 22:11:19 - DEBUG] Registered instance fefce976-f33a-4eb7-a847-a87193a01ab21768661866365-1768661869134-tv1yew
[17/01/2026 22:11:49 - DEBUG] Registered instance fefce976-f33a-4eb7-a847-a87193a01ab21768661866365-1768661869134-tv1yew
[17/01/2026 22:12:19 - DEBUG] Registered instance fefce976-f33a-4eb7-a847-a87193a01ab21768661866365-1768661869134-tv1yew
[17/01/2026 22:12:49 - DEBUG] Registered instance fefce976-f33a-4eb7-a847-a87193a01ab21768661866365-1768661869134-tv1yew
