[17/01/2026 16:05:11 - DEBUG] Registered instance 29e13a96-6d9e-4da0-872b-2eb9b5c950491768640709289-1768640711955-5sfs1b
[17/01/2026 16:05:12 - INFO] Discord Presence activated
[17/01/2026 16:05:12 - INFO] Creating discord-rpc client
[17/01/2026 16:05:12 - INFO] Successfully connected to Discord
[17/01/2026 16:05:12 - DEBUG] Loading git extension
[17/01/2026 16:05:16 - TRACE] VSCode language id: jsonc
[17/01/2026 16:05:41 - TRACE] VSCode language id: jsonc
[17/01/2026 16:05:41 - DEBUG] Registered instance 29e13a96-6d9e-4da0-872b-2eb9b5c950491768640709289-1768640711955-5sfs1b
[17/01/2026 16:05:43 - TRACE] VSCode language id: jsonc
[17/01/2026 16:05:47 - TRACE] VSCode language id: jsonc
[17/01/2026 16:05:57 - TRACE] VSCode language id: jsonc
[17/01/2026 16:05:59 - TRACE] VSCode language id: jsonc
[17/01/2026 16:06:01 - TRACE] VSCode language id: jsonc
[17/01/2026 16:06:08 - TRACE] VSCode language id: jsonc
[17/01/2026 16:06:10 - TRACE] VSCode language id: jsonc
[17/01/2026 16:06:11 - TRACE] VSCode language id: jsonc
[17/01/2026 16:06:11 - DEBUG] Registered instance 29e13a96-6d9e-4da0-872b-2eb9b5c950491768640709289-1768640711955-5sfs1b
[17/01/2026 16:06:18 - TRACE] VSCode language id: jsonc
[17/01/2026 16:06:20 - TRACE] VSCode language id: jsonc
[17/01/2026 16:06:21 - TRACE] VSCode language id: jsonc
[17/01/2026 16:06:28 - TRACE] VSCode language id: jsonc
[17/01/2026 16:06:30 - TRACE] VSCode language id: jsonc
[17/01/2026 16:06:32 - TRACE] VSCode language id: jsonc
[17/01/2026 16:06:41 - DEBUG] Registered instance 29e13a96-6d9e-4da0-872b-2eb9b5c950491768640709289-1768640711955-5sfs1b
[17/01/2026 16:07:11 - DEBUG] Registered instance 29e13a96-6d9e-4da0-872b-2eb9b5c950491768640709289-1768640711955-5sfs1b
[17/01/2026 16:07:41 - DEBUG] Registered instance 29e13a96-6d9e-4da0-872b-2eb9b5c950491768640709289-1768640711955-5sfs1b
[17/01/2026 16:08:11 - DEBUG] Registered instance 29e13a96-6d9e-4da0-872b-2eb9b5c950491768640709289-1768640711955-5sfs1b
[17/01/2026 16:08:41 - DEBUG] Registered instance 29e13a96-6d9e-4da0-872b-2eb9b5c950491768640709289-1768640711955-5sfs1b
[17/01/2026 16:09:11 - DEBUG] Registered instance 29e13a96-6d9e-4da0-872b-2eb9b5c950491768640709289-1768640711955-5sfs1b
[17/01/2026 16:09:41 - DEBUG] Registered instance 29e13a96-6d9e-4da0-872b-2eb9b5c950491768640709289-1768640711955-5sfs1b
[17/01/2026 16:09:52 - TRACE] VSCode language id: jsonc
[17/01/2026 16:09:54 - TRACE] VSCode language id: jsonc
[17/01/2026 16:09:58 - TRACE] VSCode language id: jsonc
[17/01/2026 16:10:06 - TRACE] VSCode language id: jsonc
[17/01/2026 16:10:08 - TRACE] VSCode language id: jsonc
[17/01/2026 16:10:08 - TRACE] VSCode language id: jsonc
[17/01/2026 16:10:11 - DEBUG] Registered instance 29e13a96-6d9e-4da0-872b-2eb9b5c950491768640709289-1768640711955-5sfs1b
[17/01/2026 16:10:16 - TRACE] VSCode language id: jsonc
[17/01/2026 16:10:18 - TRACE] VSCode language id: jsonc
[17/01/2026 16:10:18 - TRACE] VSCode language id: jsonc
[17/01/2026 16:10:24 - TRACE] VSCode language id: jsonc
[17/01/2026 16:10:26 - TRACE] VSCode language id: jsonc
[17/01/2026 16:10:27 - TRACE] VSCode language id: jsonc
[17/01/2026 16:10:32 - TRACE] VSCode language id: jsonc
[17/01/2026 16:10:35 - DEBUG] Cleaned up instance file for 29e13a96-6d9e-4da0-872b-2eb9b5c950491768640709289-1768640711955-5sfs1b
