2026-01-17 15:50:25.624 [info] Reading sessions from keychain...
2026-01-17 15:50:25.624 [info] Got stored sessions!
2026-01-17 15:50:25.624 [info] Got 1 verified sessions.
2026-01-17 15:50:25.624 [info] Getting sessions for all scopes...
2026-01-17 15:50:25.624 [info] Got 1 sessions for ...
2026-01-17 15:50:25.624 [info] Getting sessions for all scopes...
2026-01-17 15:50:25.624 [info] Got 1 sessions for ...
2026-01-17 15:50:25.624 [info] Getting sessions for all scopes...
2026-01-17 15:50:25.624 [info] Got 1 sessions for ...
2026-01-17 15:50:25.624 [info] Getting sessions for all scopes...
2026-01-17 15:50:25.624 [info] Got 1 sessions for ...
2026-01-17 15:50:25.624 [info] Getting sessions for all scopes...
2026-01-17 15:50:25.624 [info] Got 1 sessions for ...
2026-01-17 15:50:25.624 [info] Getting sessions for user:email...
2026-01-17 15:50:25.624 [info] Got 1 sessions for user:email...
2026-01-17 15:50:25.624 [info] Getting sessions for all scopes...
2026-01-17 15:50:25.624 [info] Got 1 sessions for ...
2026-01-17 15:50:25.625 [info] Getting sessions for all scopes...
2026-01-17 15:50:25.625 [info] Got 1 sessions for ...
2026-01-17 15:50:25.625 [info] Getting sessions for all scopes...
2026-01-17 15:50:25.625 [info] Got 1 sessions for ...
2026-01-17 15:50:25.625 [info] Getting sessions for all scopes...
2026-01-17 15:50:25.625 [info] Got 1 sessions for ...
2026-01-17 15:50:25.625 [info] Getting sessions for all scopes...
2026-01-17 15:50:25.625 [info] Got 1 sessions for ...
2026-01-17 15:50:25.625 [info] Getting sessions for all scopes...
2026-01-17 15:50:25.625 [info] Got 1 sessions for ...
2026-01-17 15:50:25.625 [info] Getting sessions for all scopes...
2026-01-17 15:50:25.625 [info] Got 1 sessions for ...
2026-01-17 15:50:25.625 [info] Getting sessions for all scopes...
2026-01-17 15:50:25.625 [info] Got 1 sessions for ...
2026-01-17 15:50:25.625 [info] Getting sessions for all scopes...
2026-01-17 15:50:25.625 [info] Got 1 sessions for ...
2026-01-17 15:50:25.625 [info] Getting sessions for all scopes...
2026-01-17 15:50:25.625 [info] Got 1 sessions for ...
2026-01-17 15:50:25.625 [info] Getting sessions for all scopes...
2026-01-17 15:50:25.625 [info] Got 1 sessions for ...
2026-01-17 15:50:25.625 [info] Getting sessions for all scopes...
2026-01-17 15:50:25.625 [info] Got 1 sessions for ...
2026-01-17 15:50:25.625 [info] Getting sessions for all scopes...
2026-01-17 15:50:25.625 [info] Got 1 sessions for ...
2026-01-17 15:50:25.625 [info] Getting sessions for all scopes...
2026-01-17 15:50:25.625 [info] Got 1 sessions for ...
2026-01-17 15:50:25.639 [info] Getting sessions for read:user,repo,user:email,workflow...
2026-01-17 15:50:25.639 [info] Got 0 sessions for read:user,repo,user:email,workflow...
2026-01-17 15:50:27.013 [info] Getting sessions for user:email...
2026-01-17 15:50:27.013 [info] Got 1 sessions for user:email...
2026-01-17 15:50:27.013 [info] Getting sessions for read:user,repo,user:email,workflow...
2026-01-17 15:50:27.013 [info] Got 0 sessions for read:user,repo,user:email,workflow...
2026-01-17 15:50:27.179 [info] Getting sessions for all scopes...
2026-01-17 15:50:27.179 [info] Got 1 sessions for ...
2026-01-17 15:50:27.353 [info] Getting sessions for read:user,repo,user:email...
2026-01-17 15:50:27.353 [info] Got 0 sessions for read:user,repo,user:email...
2026-01-17 15:50:27.364 [info] Getting sessions for user:email...
2026-01-17 15:50:27.364 [info] Got 1 sessions for user:email...
2026-01-17 15:50:27.390 [info] Getting sessions for read:user,repo,user:email,workflow...
2026-01-17 15:50:27.390 [info] Got 0 sessions for read:user,repo,user:email,workflow...
2026-01-17 15:50:27.459 [info] Getting sessions for user:email...
2026-01-17 15:50:27.459 [info] Got 1 sessions for user:email...
2026-01-17 15:50:27.978 [info] Getting sessions for all scopes...
2026-01-17 15:50:27.978 [info] Got 1 sessions for ...
2026-01-17 15:50:27.979 [info] Getting sessions for all scopes...
2026-01-17 15:50:27.979 [info] Got 1 sessions for ...
2026-01-17 15:50:27.979 [info] Getting sessions for all scopes...
2026-01-17 15:50:27.979 [info] Got 1 sessions for ...
2026-01-17 15:50:27.980 [info] Getting sessions for all scopes...
2026-01-17 15:50:27.980 [info] Got 1 sessions for ...
2026-01-17 15:50:27.987 [info] Getting sessions for read:user,repo,user:email,workflow...
2026-01-17 15:50:27.987 [info] Got 0 sessions for read:user,repo,user:email,workflow...
2026-01-17 15:50:27.988 [info] Getting sessions for user:email...
2026-01-17 15:50:27.988 [info] Got 1 sessions for user:email...
2026-01-17 15:50:27.988 [info] Getting sessions for read:user,repo,user:email,workflow...
2026-01-17 15:50:27.988 [info] Got 0 sessions for read:user,repo,user:email,workflow...
2026-01-17 15:50:28.074 [info] FetcherService: Electron fetch failed with status: 429 
2026-01-17 15:50:28.076 [info] Unable to resolve optional EDU details. Status: 429 
2026-01-17 15:50:28.086 [info] Getting sessions for all scopes...
2026-01-17 15:50:28.086 [info] Got 1 sessions for ...
2026-01-17 15:50:28.103 [info] Getting sessions for all scopes...
2026-01-17 15:50:28.103 [info] Got 1 sessions for ...
2026-01-17 15:50:28.104 [info] Getting sessions for all scopes...
2026-01-17 15:50:28.104 [info] Got 1 sessions for ...
2026-01-17 15:50:28.105 [info] Getting sessions for all scopes...
2026-01-17 15:50:28.105 [info] Got 1 sessions for ...
2026-01-17 15:50:28.114 [info] Getting sessions for read:user,repo,user:email,workflow...
2026-01-17 15:50:28.114 [info] Got 0 sessions for read:user,repo,user:email,workflow...
2026-01-17 15:50:28.115 [info] Getting sessions for user:email...
2026-01-17 15:50:28.115 [info] Got 1 sessions for user:email...
2026-01-17 15:50:28.115 [info] Getting sessions for read:user,repo,user:email,workflow...
2026-01-17 15:50:28.115 [info] Got 0 sessions for read:user,repo,user:email,workflow...
2026-01-17 15:50:28.117 [info] Getting sessions for all scopes...
2026-01-17 15:50:28.117 [info] Got 1 sessions for ...
2026-01-17 15:50:28.118 [info] Getting sessions for read:user,repo,user:email,workflow...
2026-01-17 15:50:28.118 [info] Got 0 sessions for read:user,repo,user:email,workflow...
2026-01-17 15:50:28.118 [info] Getting sessions for user:email...
2026-01-17 15:50:28.118 [info] Got 1 sessions for user:email...
