2026-01-28 13:34:58.609 [info] Reading sessions from keychain...
2026-01-28 13:34:58.609 [info] Got stored sessions!
2026-01-28 13:34:58.609 [info] Got 1 verified sessions.
2026-01-28 13:34:58.609 [info] Getting sessions for all scopes...
2026-01-28 13:34:58.609 [info] Got 1 sessions for ...
2026-01-28 13:34:58.609 [info] Getting sessions for all scopes...
2026-01-28 13:34:58.609 [info] Got 1 sessions for ...
2026-01-28 13:34:58.609 [info] Getting sessions for all scopes...
2026-01-28 13:34:58.609 [info] Got 1 sessions for ...
2026-01-28 13:34:58.609 [info] Getting sessions for all scopes...
2026-01-28 13:34:58.609 [info] Got 1 sessions for ...
2026-01-28 13:34:58.609 [info] Getting sessions for all scopes...
2026-01-28 13:34:58.609 [info] Got 1 sessions for ...
2026-01-28 13:34:58.609 [info] Getting sessions for user:email...
2026-01-28 13:34:58.609 [info] Got 1 sessions for user:email...
2026-01-28 13:34:58.609 [info] Getting sessions for all scopes...
2026-01-28 13:34:58.609 [info] Got 1 sessions for ...
2026-01-28 13:34:58.609 [info] Getting sessions for all scopes...
2026-01-28 13:34:58.609 [info] Got 1 sessions for ...
2026-01-28 13:34:58.609 [info] Getting sessions for all scopes...
2026-01-28 13:34:58.609 [info] Got 1 sessions for ...
2026-01-28 13:34:58.609 [info] Getting sessions for all scopes...
2026-01-28 13:34:58.609 [info] Got 1 sessions for ...
2026-01-28 13:34:58.609 [info] Getting sessions for all scopes...
2026-01-28 13:34:58.609 [info] Got 1 sessions for ...
2026-01-28 13:34:58.609 [info] Getting sessions for all scopes...
2026-01-28 13:34:58.609 [info] Got 1 sessions for ...
2026-01-28 13:34:58.609 [info] Getting sessions for all scopes...
2026-01-28 13:34:58.609 [info] Got 1 sessions for ...
2026-01-28 13:34:58.609 [info] Getting sessions for all scopes...
2026-01-28 13:34:58.609 [info] Got 1 sessions for ...
2026-01-28 13:34:58.609 [info] Getting sessions for all scopes...
2026-01-28 13:34:58.609 [info] Got 1 sessions for ...
2026-01-28 13:34:58.609 [info] Getting sessions for all scopes...
2026-01-28 13:34:58.609 [info] Got 1 sessions for ...
2026-01-28 13:34:58.609 [info] Getting sessions for all scopes...
2026-01-28 13:34:58.609 [info] Got 1 sessions for ...
2026-01-28 13:34:58.609 [info] Getting sessions for all scopes...
2026-01-28 13:34:58.609 [info] Got 1 sessions for ...
2026-01-28 13:34:58.609 [info] Getting sessions for all scopes...
2026-01-28 13:34:58.609 [info] Got 1 sessions for ...
2026-01-28 13:34:58.609 [info] Getting sessions for all scopes...
2026-01-28 13:34:58.609 [info] Got 1 sessions for ...
2026-01-28 13:34:58.609 [info] Getting sessions for read:user,repo,user:email,workflow...
2026-01-28 13:34:58.609 [info] Got 0 sessions for read:user,repo,user:email,workflow...
2026-01-28 13:34:58.648 [info] Getting sessions for user:email...
2026-01-28 13:34:58.648 [info] Got 1 sessions for user:email...
2026-01-28 13:34:58.648 [info] Getting sessions for read:user,repo,user:email,workflow...
2026-01-28 13:34:58.648 [info] Got 0 sessions for read:user,repo,user:email,workflow...
2026-01-28 13:34:58.681 [info] Getting sessions for user:email...
2026-01-28 13:34:58.681 [info] Got 1 sessions for user:email...
2026-01-28 13:34:58.688 [info] Getting sessions for all scopes...
2026-01-28 13:34:58.688 [info] Got 1 sessions for ...
2026-01-28 13:34:58.689 [info] Getting sessions for read:user,repo,user:email,workflow...
2026-01-28 13:34:58.689 [info] Got 0 sessions for read:user,repo,user:email,workflow...
2026-01-28 13:34:58.690 [info] Getting sessions for user:email...
2026-01-28 13:34:58.690 [info] Got 1 sessions for user:email...
2026-01-28 13:35:00.439 [info] Getting sessions for all scopes...
2026-01-28 13:35:00.439 [info] Got 1 sessions for ...
2026-01-28 13:35:00.439 [info] Getting sessions for all scopes...
2026-01-28 13:35:00.439 [info] Got 1 sessions for ...
2026-01-28 13:35:00.509 [info] Getting sessions for read:user,repo,user:email...
2026-01-28 13:35:00.509 [info] Got 0 sessions for read:user,repo,user:email...
2026-01-28 13:35:00.588 [info] Getting sessions for read:user,repo,user:email,workflow...
2026-01-28 13:35:00.588 [info] Got 0 sessions for read:user,repo,user:email,workflow...
2026-01-28 13:35:00.703 [info] Getting sessions for user:email...
2026-01-28 13:35:00.703 [info] Got 1 sessions for user:email...
2026-01-28 13:35:00.703 [info] Getting sessions for read:user,repo,user:email,workflow...
2026-01-28 13:35:00.703 [info] Got 0 sessions for read:user,repo,user:email,workflow...
2026-01-28 13:35:00.873 [info] Getting sessions for all scopes...
2026-01-28 13:35:00.873 [info] Got 1 sessions for ...
2026-01-28 13:35:00.881 [info] Getting sessions for all scopes...
2026-01-28 13:35:00.881 [info] Got 1 sessions for ...
2026-01-28 13:35:00.882 [info] Getting sessions for all scopes...
2026-01-28 13:35:00.882 [info] Got 1 sessions for ...
2026-01-28 13:35:00.887 [info] Getting sessions for all scopes...
2026-01-28 13:35:00.887 [info] Got 1 sessions for ...
2026-01-28 13:35:00.895 [info] Getting sessions for read:user,repo,user:email,workflow...
2026-01-28 13:35:00.895 [info] Got 0 sessions for read:user,repo,user:email,workflow...
2026-01-28 13:35:00.898 [info] Getting sessions for user:email...
2026-01-28 13:35:00.898 [info] Got 1 sessions for user:email...
2026-01-28 13:35:00.898 [info] Getting sessions for read:user,repo,user:email,workflow...
2026-01-28 13:35:00.898 [info] Got 0 sessions for read:user,repo,user:email,workflow...
2026-01-28 13:35:00.902 [info] Getting sessions for all scopes...
2026-01-28 13:35:00.902 [info] Got 1 sessions for ...
2026-01-28 13:35:00.910 [info] Getting sessions for read:user,repo,user:email,workflow...
2026-01-28 13:35:00.910 [info] Got 0 sessions for read:user,repo,user:email,workflow...
2026-01-28 13:35:00.919 [info] Getting sessions for user:email...
2026-01-28 13:35:00.919 [info] Got 1 sessions for user:email...
2026-01-28 13:35:01.602 [info] FetcherService: Electron fetch failed with status: 429 
2026-01-28 13:35:01.605 [info] Unable to resolve optional EDU details. Status: 429 
2026-01-28 13:35:25.126 [info] Reading sessions from keychain...
2026-01-28 13:35:25.126 [info] Getting sessions for all scopes...
2026-01-28 13:35:25.208 [info] Got stored sessions!
2026-01-28 13:35:25.208 [info] Got 1 verified sessions.
2026-01-28 13:35:25.208 [info] Got 1 sessions for ...
2026-01-28 13:35:25.208 [info] Getting sessions for all scopes...
2026-01-28 13:35:25.208 [info] Got 1 sessions for ...
2026-01-28 13:35:25.208 [info] Getting sessions for all scopes...
2026-01-28 13:35:25.208 [info] Got 1 sessions for ...
2026-01-28 13:35:25.208 [info] Getting sessions for all scopes...
2026-01-28 13:35:25.208 [info] Got 1 sessions for ...
2026-01-28 13:35:25.208 [info] Getting sessions for all scopes...
2026-01-28 13:35:25.208 [info] Got 1 sessions for ...
2026-01-28 13:35:25.208 [info] Getting sessions for all scopes...
2026-01-28 13:35:25.208 [info] Got 1 sessions for ...
2026-01-28 13:35:25.208 [info] Getting sessions for all scopes...
2026-01-28 13:35:25.208 [info] Got 1 sessions for ...
2026-01-28 13:35:25.237 [info] Getting sessions for all scopes...
2026-01-28 13:35:25.237 [info] Got 1 sessions for ...
2026-01-28 13:35:25.238 [info] Getting sessions for all scopes...
2026-01-28 13:35:25.238 [info] Got 1 sessions for ...
2026-01-28 13:35:25.238 [info] Getting sessions for all scopes...
2026-01-28 13:35:25.238 [info] Got 1 sessions for ...
2026-01-28 13:35:25.238 [info] Getting sessions for all scopes...
2026-01-28 13:35:25.238 [info] Got 1 sessions for ...
2026-01-28 13:35:25.239 [info] Getting sessions for all scopes...
2026-01-28 13:35:25.239 [info] Got 1 sessions for ...
2026-01-28 13:35:25.239 [info] Getting sessions for all scopes...
2026-01-28 13:35:25.239 [info] Got 1 sessions for ...
2026-01-28 13:35:25.257 [info] Getting sessions for all scopes...
2026-01-28 13:35:25.257 [info] Got 1 sessions for ...
2026-01-28 13:35:25.273 [info] Getting sessions for all scopes...
2026-01-28 13:35:25.274 [info] Got 1 sessions for ...
2026-01-28 13:35:26.195 [info] Getting sessions for user:email...
2026-01-28 13:35:26.195 [info] Got 1 sessions for user:email...
2026-01-28 13:35:26.431 [info] Getting sessions for read:user,repo,user:email...
2026-01-28 13:35:26.431 [info] Got 0 sessions for read:user,repo,user:email...
2026-01-28 13:35:26.688 [info] FetcherService: Electron fetch failed with status: 429 
2026-01-28 13:35:26.691 [info] Unable to resolve optional EDU details. Status: 429 
2026-01-28 13:35:26.871 [info] Getting sessions for all scopes...
2026-01-28 13:35:26.871 [info] Got 1 sessions for ...
2026-01-28 13:35:31.708 [info] Getting sessions for all scopes...
2026-01-28 13:35:31.708 [info] Got 1 sessions for ...
2026-01-28 13:35:31.708 [info] Getting sessions for all scopes...
2026-01-28 13:35:31.708 [info] Got 1 sessions for ...
2026-01-28 13:35:31.778 [info] Getting sessions for read:user,repo,user:email,workflow...
2026-01-28 13:35:31.778 [info] Got 0 sessions for read:user,repo,user:email,workflow...
2026-01-28 13:35:31.780 [info] Getting sessions for user:email...
2026-01-28 13:35:31.780 [info] Got 1 sessions for user:email...
2026-01-28 13:35:31.780 [info] Getting sessions for read:user,repo,user:email,workflow...
2026-01-28 13:35:31.780 [info] Got 0 sessions for read:user,repo,user:email,workflow...
2026-01-28 13:35:31.787 [info] Getting sessions for user:email...
2026-01-28 13:35:31.787 [info] Got 1 sessions for user:email...
2026-01-28 13:35:31.792 [info] Getting sessions for all scopes...
2026-01-28 13:35:31.792 [info] Got 1 sessions for ...
2026-01-28 13:35:31.792 [info] Getting sessions for read:user,repo,user:email,workflow...
2026-01-28 13:35:31.792 [info] Got 0 sessions for read:user,repo,user:email,workflow...
2026-01-28 13:35:31.793 [info] Getting sessions for user:email...
2026-01-28 13:35:31.793 [info] Got 1 sessions for user:email...
2026-01-28 13:35:31.960 [info] Getting sessions for all scopes...
2026-01-28 13:35:31.960 [info] Got 1 sessions for ...
2026-01-28 13:35:31.960 [info] Getting sessions for all scopes...
2026-01-28 13:35:31.960 [info] Got 1 sessions for ...
2026-01-28 13:35:31.972 [info] Getting sessions for read:user,repo,user:email,workflow...
2026-01-28 13:35:31.972 [info] Got 0 sessions for read:user,repo,user:email,workflow...
2026-01-28 13:35:31.974 [info] Getting sessions for user:email...
2026-01-28 13:35:31.974 [info] Got 1 sessions for user:email...
2026-01-28 13:35:31.975 [info] Getting sessions for read:user,repo,user:email,workflow...
2026-01-28 13:35:31.975 [info] Got 0 sessions for read:user,repo,user:email,workflow...
2026-01-28 13:35:32.474 [info] Getting sessions for all scopes...
2026-01-28 13:35:32.474 [info] Got 1 sessions for ...
2026-01-28 13:35:32.474 [info] Getting sessions for all scopes...
2026-01-28 13:35:32.474 [info] Got 1 sessions for ...
2026-01-28 13:35:32.483 [info] Getting sessions for read:user,repo,user:email,workflow...
2026-01-28 13:35:32.483 [info] Got 0 sessions for read:user,repo,user:email,workflow...
2026-01-28 13:35:32.484 [info] Getting sessions for user:email...
2026-01-28 13:35:32.484 [info] Got 1 sessions for user:email...
2026-01-28 13:35:32.485 [info] Getting sessions for read:user,repo,user:email,workflow...
2026-01-28 13:35:32.485 [info] Got 0 sessions for read:user,repo,user:email,workflow...
2026-01-28 13:35:32.609 [info] Getting sessions for all scopes...
2026-01-28 13:35:32.609 [info] Got 1 sessions for ...
2026-01-28 13:35:32.616 [info] Getting sessions for all scopes...
2026-01-28 13:35:32.616 [info] Got 1 sessions for ...
2026-01-28 13:35:32.616 [info] Getting sessions for all scopes...
2026-01-28 13:35:32.616 [info] Got 1 sessions for ...
2026-01-28 13:35:32.617 [info] Getting sessions for all scopes...
2026-01-28 13:35:32.617 [info] Got 1 sessions for ...
2026-01-28 13:35:32.633 [info] Getting sessions for read:user,repo,user:email,workflow...
2026-01-28 13:35:32.633 [info] Got 0 sessions for read:user,repo,user:email,workflow...
2026-01-28 13:35:32.634 [info] Getting sessions for user:email...
2026-01-28 13:35:32.634 [info] Got 1 sessions for user:email...
2026-01-28 13:35:32.634 [info] Getting sessions for read:user,repo,user:email,workflow...
2026-01-28 13:35:32.634 [info] Got 0 sessions for read:user,repo,user:email,workflow...
2026-01-28 13:35:32.636 [info] Getting sessions for all scopes...
2026-01-28 13:35:32.636 [info] Got 1 sessions for ...
2026-01-28 13:35:32.637 [info] Getting sessions for read:user,repo,user:email,workflow...
2026-01-28 13:35:32.637 [info] Got 0 sessions for read:user,repo,user:email,workflow...
2026-01-28 13:35:32.637 [info] Getting sessions for user:email...
2026-01-28 13:35:32.637 [info] Got 1 sessions for user:email...
